2025-05-27 22:34:49,476 - AkilliEvOtomasyonu - INFO - Akilli Ev Otomasyon Sistemi baslatiliyor
2025-05-27 22:34:49,479 - AkilliEvOtomasyonu - INFO - Model eğitimi başlatılıyor
2025-05-27 22:34:49,480 - ModelEgitimi - INFO - ML modelleri eğitiliyor: C:\Users\ndr20\Desktop\b.tasarım\smart-home-automation\data\raw\sample_sensor_data.csv
2025-05-27 22:34:49,524 - ErrorHandler - ERROR - Beklenmeyen hata: Hedef değişkenler bulunamadı! in train_models
2025-05-27 22:34:49,530 - ErrorHandler - ERROR - Traceback (most recent call last):
  File "C:\Users\ndr20\Desktop\b.tasarım\smart-home-automation\src\utils\error_handling.py", line 65, in wrapper
    return func(*args, **kwargs)
  File "C:\Users\ndr20\Desktop\b.tasarım\smart-home-automation\app.py", line 112, in train_models
    model_manager.train_models_for_all_devices(data_path, model_type='random_forest', optimize=optimize)
    ~~~~~~~~~~~~~~~~~~~~~~~~~~~~~~~~~~~~~~~~~~^^^^^^^^^^^^^^^^^^^^^^^^^^^^^^^^^^^^^^^^^^^^^^^^^^^^^^^^^^
  File "C:\Users\ndr20\Desktop\b.tasarım\smart-home-automation\src\models\model_manager.py", line 40, in train_models_for_all_devices
    X_train, X_test, y_train_dict, y_test_dict, preprocessor = process_raw_data(
                                                               ~~~~~~~~~~~~~~~~^
        csv_path, save_processed=True
        ^^^^^^^^^^^^^^^^^^^^^^^^^^^^^
    )
    ^
  File "C:\Users\ndr20\Desktop\b.tasarım\smart-home-automation\src\data_processing\preprocessing.py", line 501, in process_raw_data
    return processor.process_data(csv_path, save_processed, output_dir)
           ~~~~~~~~~~~~~~~~~~~~~~^^^^^^^^^^^^^^^^^^^^^^^^^^^^^^^^^^^^^^
  File "C:\Users\ndr20\Desktop\b.tasarım\smart-home-automation\src\data_processing\preprocessing.py", line 369, in process_data
    X, targets = self.create_ml_dataset(df_with_targets)
                 ~~~~~~~~~~~~~~~~~~~~~~^^^^^^^^^^^^^^^^^
  File "C:\Users\ndr20\Desktop\b.tasarım\smart-home-automation\src\data_processing\preprocessing.py", line 217, in create_ml_dataset
    raise ValueError("Hedef değişkenler bulunamadı!")
ValueError: Hedef değişkenler bulunamadı!

2025-05-27 22:34:49,566 - AkilliEvOtomasyonu - ERROR - Uygulama hatası: Beklenmeyen hata: Hedef değişkenler bulunamadı!
