2025-05-27 19:16:48,032 - AkilliEvOtomasyonu - INFO - Akilli Ev Otomasyon Sistemi baslatiliyor
2025-05-27 19:16:48,034 - AkilliEvOtomasyonu - INFO - Veri simülasyonu başlatılıyor
2025-05-27 19:16:48,035 - VeriUretimi - INFO - 3 gün için veri üretiliyor...
2025-05-27 19:16:48,363 - VeriUretimi - INFO - Veri seti C:\Users\ndr20\Desktop\b.tasarım\smart-home-automation\data\raw\generated_data_20250527_1916.csv konumuna kaydedildi.
2025-05-27 19:16:48,364 - AkilliEvOtomasyonu - INFO - Model eğitimi başlatılıyor
2025-05-27 19:16:48,364 - ModelEgitimi - INFO - ML modelleri eğitiliyor: C:\Users\ndr20\Desktop\b.tasarım\smart-home-automation\data\raw\generated_data_20250527_1916.csv
2025-05-27 19:16:55,284 - ErrorHandler - ERROR - Beklenmeyen hata: 
All the 540 fits failed.
It is very likely that your model is misconfigured.
You can try to debug the error by setting error_score='raise'.

Below are more details about the failures:
--------------------------------------------------------------------------------
540 fits failed with the following error:
Traceback (most recent call last):
  File "C:\Users\ndr20\AppData\Roaming\Python\Python313\site-packages\sklearn\model_selection\_validation.py", line 866, in _fit_and_score
    estimator.fit(X_train, y_train, **fit_params)
    ~~~~~~~~~~~~~^^^^^^^^^^^^^^^^^^^^^^^^^^^^^^^^
  File "C:\Users\ndr20\AppData\Roaming\Python\Python313\site-packages\sklearn\base.py", line 1389, in wrapper
    return fit_method(estimator, *args, **kwargs)
  File "C:\Users\ndr20\AppData\Roaming\Python\Python313\site-packages\sklearn\pipeline.py", line 654, in fit
    Xt = self._fit(X, y, routed_params, raw_params=params)
  File "C:\Users\ndr20\AppData\Roaming\Python\Python313\site-packages\sklearn\pipeline.py", line 562, in _fit
    self._validate_steps()
    ~~~~~~~~~~~~~~~~~~~~^^
  File "C:\Users\ndr20\AppData\Roaming\Python\Python313\site-packages\sklearn\pipeline.py", line 339, in _validate_steps
    raise TypeError(
    ...<4 lines>...
    )
TypeError: All intermediate steps should be transformers and implement fit and transform or be the string 'passthrough' 'SmartHomeDataProcessor()' (type <class 'src.data_processing.preprocessing.SmartHomeDataProcessor'>) doesn't
 in train_models
2025-05-27 19:16:55,325 - ErrorHandler - ERROR - Traceback (most recent call last):
  File "C:\Users\ndr20\Desktop\b.tasarım\smart-home-automation\src\utils\error_handling.py", line 65, in wrapper
    return func(*args, **kwargs)
  File "C:\Users\ndr20\Desktop\b.tasarım\smart-home-automation\app.py", line 115, in train_models
    model_manager.train_models_for_all_devices(data_path, model_type='random_forest', optimize=optimize)
    ~~~~~~~~~~~~~~~~~~~~~~~~~~~~~~~~~~~~~~~~~~^^^^^^^^^^^^^^^^^^^^^^^^^^^^^^^^^^^^^^^^^^^^^^^^^^^^^^^^^^
  File "C:\Users\ndr20\Desktop\b.tasarım\smart-home-automation\src\models\model_manager.py", line 55, in train_models_for_all_devices
    model.train(X_train, y_train_dict[device_name], optimize=optimize)
    ~~~~~~~~~~~^^^^^^^^^^^^^^^^^^^^^^^^^^^^^^^^^^^^^^^^^^^^^^^^^^^^^^^
  File "C:\Users\ndr20\Desktop\b.tasarım\smart-home-automation\src\models\model_trainer.py", line 201, in train
    pipeline = self.optimize_hyperparameters(pipeline, X_train, y_train, param_grid)
  File "C:\Users\ndr20\Desktop\b.tasarım\smart-home-automation\src\models\model_trainer.py", line 158, in optimize_hyperparameters
    grid_search.fit(X_train, y_train)
    ~~~~~~~~~~~~~~~^^^^^^^^^^^^^^^^^^
  File "C:\Users\ndr20\AppData\Roaming\Python\Python313\site-packages\sklearn\base.py", line 1389, in wrapper
    return fit_method(estimator, *args, **kwargs)
  File "C:\Users\ndr20\AppData\Roaming\Python\Python313\site-packages\sklearn\model_selection\_search.py", line 1024, in fit
    self._run_search(evaluate_candidates)
    ~~~~~~~~~~~~~~~~^^^^^^^^^^^^^^^^^^^^^
  File "C:\Users\ndr20\AppData\Roaming\Python\Python313\site-packages\sklearn\model_selection\_search.py", line 1571, in _run_search
    evaluate_candidates(ParameterGrid(self.param_grid))
    ~~~~~~~~~~~~~~~~~~~^^^^^^^^^^^^^^^^^^^^^^^^^^^^^^^^
  File "C:\Users\ndr20\AppData\Roaming\Python\Python313\site-packages\sklearn\model_selection\_search.py", line 1001, in evaluate_candidates
    _warn_or_raise_about_fit_failures(out, self.error_score)
    ~~~~~~~~~~~~~~~~~~~~~~~~~~~~~~~~~^^^^^^^^^^^^^^^^^^^^^^^
  File "C:\Users\ndr20\AppData\Roaming\Python\Python313\site-packages\sklearn\model_selection\_validation.py", line 517, in _warn_or_raise_about_fit_failures
    raise ValueError(all_fits_failed_message)
ValueError: 
All the 540 fits failed.
It is very likely that your model is misconfigured.
You can try to debug the error by setting error_score='raise'.

Below are more details about the failures:
--------------------------------------------------------------------------------
540 fits failed with the following error:
Traceback (most recent call last):
  File "C:\Users\ndr20\AppData\Roaming\Python\Python313\site-packages\sklearn\model_selection\_validation.py", line 866, in _fit_and_score
    estimator.fit(X_train, y_train, **fit_params)
    ~~~~~~~~~~~~~^^^^^^^^^^^^^^^^^^^^^^^^^^^^^^^^
  File "C:\Users\ndr20\AppData\Roaming\Python\Python313\site-packages\sklearn\base.py", line 1389, in wrapper
    return fit_method(estimator, *args, **kwargs)
  File "C:\Users\ndr20\AppData\Roaming\Python\Python313\site-packages\sklearn\pipeline.py", line 654, in fit
    Xt = self._fit(X, y, routed_params, raw_params=params)
  File "C:\Users\ndr20\AppData\Roaming\Python\Python313\site-packages\sklearn\pipeline.py", line 562, in _fit
    self._validate_steps()
    ~~~~~~~~~~~~~~~~~~~~^^
  File "C:\Users\ndr20\AppData\Roaming\Python\Python313\site-packages\sklearn\pipeline.py", line 339, in _validate_steps
    raise TypeError(
    ...<4 lines>...
    )
TypeError: All intermediate steps should be transformers and implement fit and transform or be the string 'passthrough' 'SmartHomeDataProcessor()' (type <class 'src.data_processing.preprocessing.SmartHomeDataProcessor'>) doesn't


2025-05-27 19:16:55,326 - AkilliEvOtomasyonu - ERROR - Uygulama hatası: Beklenmeyen hata: 
All the 540 fits failed.
It is very likely that your model is misconfigured.
You can try to debug the error by setting error_score='raise'.

Below are more details about the failures:
--------------------------------------------------------------------------------
540 fits failed with the following error:
Traceback (most recent call last):
  File "C:\Users\ndr20\AppData\Roaming\Python\Python313\site-packages\sklearn\model_selection\_validation.py", line 866, in _fit_and_score
    estimator.fit(X_train, y_train, **fit_params)
    ~~~~~~~~~~~~~^^^^^^^^^^^^^^^^^^^^^^^^^^^^^^^^
  File "C:\Users\ndr20\AppData\Roaming\Python\Python313\site-packages\sklearn\base.py", line 1389, in wrapper
    return fit_method(estimator, *args, **kwargs)
  File "C:\Users\ndr20\AppData\Roaming\Python\Python313\site-packages\sklearn\pipeline.py", line 654, in fit
    Xt = self._fit(X, y, routed_params, raw_params=params)
  File "C:\Users\ndr20\AppData\Roaming\Python\Python313\site-packages\sklearn\pipeline.py", line 562, in _fit
    self._validate_steps()
    ~~~~~~~~~~~~~~~~~~~~^^
  File "C:\Users\ndr20\AppData\Roaming\Python\Python313\site-packages\sklearn\pipeline.py", line 339, in _validate_steps
    raise TypeError(
    ...<4 lines>...
    )
TypeError: All intermediate steps should be transformers and implement fit and transform or be the string 'passthrough' 'SmartHomeDataProcessor()' (type <class 'src.data_processing.preprocessing.SmartHomeDataProcessor'>) doesn't

