2025-05-27 16:24:35,290 - AkilliEvOtomasyonu - INFO - Akilli Ev Otomasyon Sistemi baslatiliyor
2025-05-27 16:24:35,291 - AkilliEvOtomasyonu - INFO - Simülasyon başlatılıyor
2025-05-27 16:24:35,291 - Simülasyon - INFO - Simülasyon başlatılıyor: demo modu
2025-05-27 16:24:35,292 - RulesEngine - INFO - Kural motoru başlatıldı
2025-05-27 16:24:35,293 - ErrorHandler - ERROR - Beklenmeyen hata: SimulationVisualizer.__init__() got an unexpected keyword argument 'rooms' in run_simulation
2025-05-27 16:24:35,294 - ErrorHandler - ERROR - Traceback (most recent call last):
  File "C:\Users\ndr20\Desktop\b.tasarım\smart-home-automation\src\utils\error_handling.py", line 65, in wrapper
    return func(*args, **kwargs)
  File "C:\Users\ndr20\Desktop\b.tasarım\smart-home-automation\app.py", line 143, in run_simulation
    simulator = run_simulation_demo(steps=steps, rooms=rooms, display=True)
  File "C:\Users\ndr20\Desktop\b.tasarım\smart-home-automation\src\simulation\home_simulator.py", line 426, in run_simulation_demo
    simulator = SmartHomeSimulator(
        rooms=rooms,
    ...<3 lines>...
        simulation_speed=2.0  # 2x hızlı simülasyon
    )
  File "C:\Users\ndr20\Desktop\b.tasarım\smart-home-automation\src\simulation\home_simulator.py", line 74, in __init__
    self.visualizer = SimulationVisualizer(rooms=self.rooms)
                      ~~~~~~~~~~~~~~~~~~~~^^^^^^^^^^^^^^^^^^
TypeError: SimulationVisualizer.__init__() got an unexpected keyword argument 'rooms'

2025-05-27 16:24:35,295 - AkilliEvOtomasyonu - ERROR - Uygulama hatası: Beklenmeyen hata: SimulationVisualizer.__init__() got an unexpected keyword argument 'rooms'
