2025-05-27 20:06:47,170 - AkilliEvOtomasyonu - INFO - Akilli Ev Otomasyon Sistemi baslatiliyor
2025-05-27 20:06:47,173 - AkilliEvOtomasyonu - INFO - Veri simülasyonu başlatılıyor
2025-05-27 20:06:47,173 - VeriUretimi - INFO - 3 gün için veri üretiliyor...
2025-05-27 20:06:47,481 - VeriUretimi - INFO - Veri seti c:\Users\ndr20\Desktop\b.tasarım\smart-home-automation\data\raw\generated_data_20250527_2006.csv konumuna kaydedildi.
2025-05-27 20:06:47,481 - AkilliEvOtomasyonu - INFO - Model eğitimi başlatılıyor
2025-05-27 20:06:47,482 - ModelEgitimi - INFO - ML modelleri eğitiliyor: c:\Users\ndr20\Desktop\b.tasarım\smart-home-automation\data\raw\generated_data_20250527_2006.csv
2025-05-27 20:06:47,986 - ErrorHandler - ERROR - Beklenmeyen hata: 'SmartHomeDataProcessor' object has no attribute 'test_size' in train_models
2025-05-27 20:06:48,026 - ErrorHandler - ERROR - Traceback (most recent call last):
  File "c:\Users\ndr20\Desktop\b.tasarım\smart-home-automation\src\utils\error_handling.py", line 65, in wrapper
    return func(*args, **kwargs)
  File "c:\Users\ndr20\Desktop\b.tasarım\smart-home-automation\app.py", line 115, in train_models
    model_manager.train_models_for_all_devices(data_path, model_type='random_forest', optimize=optimize)
    ~~~~~~~~~~~~~~~~~~~~~~~~~~~~~~~~~~~~~~~~~~^^^^^^^^^^^^^^^^^^^^^^^^^^^^^^^^^^^^^^^^^^^^^^^^^^^^^^^^^^
  File "c:\Users\ndr20\Desktop\b.tasarım\smart-home-automation\src\models\model_manager.py", line 40, in train_models_for_all_devices
    X_train, X_test, y_train_dict, y_test_dict, preprocessor = process_raw_data(
                                                               ~~~~~~~~~~~~~~~~^
        csv_path, save_processed=True
        ^^^^^^^^^^^^^^^^^^^^^^^^^^^^^
    )
    ^
  File "c:\Users\ndr20\Desktop\b.tasarım\smart-home-automation\src\data_processing\preprocessing.py", line 524, in process_raw_data
    return processor.process_data(csv_path, save_processed, output_dir)
           ~~~~~~~~~~~~~~~~~~~~~~^^^^^^^^^^^^^^^^^^^^^^^^^^^^^^^^^^^^^^
  File "c:\Users\ndr20\Desktop\b.tasarım\smart-home-automation\src\data_processing\preprocessing.py", line 396, in process_data
    X_train, X_test, y_train_dict, y_test_dict = self.split_data(X, targets)
                                                 ~~~~~~~~~~~~~~~^^^^^^^^^^^^
  File "c:\Users\ndr20\Desktop\b.tasarım\smart-home-automation\src\data_processing\preprocessing.py", line 261, in split_data
    print(f"Veri {self.test_size*100}% test, {(1-self.test_size)*100}% eğitim olarak ayrılıyor...")
                  ^^^^^^^^^^^^^^
AttributeError: 'SmartHomeDataProcessor' object has no attribute 'test_size'

2025-05-27 20:06:48,027 - AkilliEvOtomasyonu - ERROR - Uygulama hatası: Beklenmeyen hata: 'SmartHomeDataProcessor' object has no attribute 'test_size'
