2025-06-04 21:44:46,234 - AkilliEvOtomasyonu - INFO - Akilli Ev Otomasyon Sistemi baslatiliyor
2025-06-04 21:44:46,236 - Simülasyon - INFO - Simülasyon başlatılıyor: demo modu
2025-06-04 21:44:46,237 - RulesEngine - INFO - Kural motoru başlatıldı
2025-06-04 21:44:46,238 - SmartHomeSimulator - INFO - Simülasyon başlatıldı
2025-06-04 21:44:46,238 - SmartHomeSimulator - INFO - ML modeli bulunamadı, eğitiliyor...
2025-06-04 21:44:46,238 - SmartHomeSimulator - INFO - Makine öğrenmesi modeli için 3 günlük veri üretiliyor
2025-06-04 21:44:51,558 - RulesEngine - INFO - ML modeli ayarlandı: True
2025-06-04 21:44:51,569 - SmartHomeSimulator - INFO - ML modeli eğitimi tamamlandı
2025-06-04 21:44:51,569 - SmartHomeSimulator - INFO - Varsayılan kurallar ayarlanıyor
2025-06-04 21:44:51,569 - RulesEngine - INFO - Kural eklendi: Yüksek Sıcaklık - Klima Aç (öncelik: 2)
2025-06-04 21:44:51,570 - RulesEngine - INFO - Kural eklendi: Boş Oda - Lamba Kapat (öncelik: 1)
2025-06-04 21:44:51,570 - RulesEngine - INFO - Kural eklendi: Gece Modu (öncelik: 3)
2025-06-04 21:44:51,570 - RulesEngine - INFO - Kural eklendi: Sabah Rutini (öncelik: 2)
2025-06-04 21:44:51,570 - SmartHomeSimulator - INFO - Simülasyon başlatılıyor: 20 adım, görüntüleme: True
2025-06-04 21:44:52,304 - RulesEngine - INFO - ML tahmini: {'Salon_Klima': {'state': False, 'probability': 0.72, 'source': 'aligned_features'}, 'Salon_Lamba': {'state': False, 'probability': 0.79, 'source': 'aligned_features'}, 'Salon_Perde': {'state': False, 'probability': 0.52, 'source': 'aligned_features'}, 'Yatak Odası_Klima': {'state': False, 'probability': 0.61, 'source': 'aligned_features'}, 'Yatak Odası_Lamba': {'state': False, 'probability': 0.71, 'source': 'aligned_features'}, 'Yatak Odası_Perde': {'state': False, 'probability': 0.53, 'source': 'aligned_features'}, 'Çocuk Odası_Klima': {'state': False, 'probability': 0.77, 'source': 'aligned_features'}, 'Çocuk Odası_Lamba': {'state': False, 'probability': 0.82, 'source': 'aligned_features'}, 'Çocuk Odası_Perde': {'state': False, 'probability': 0.62, 'source': 'aligned_features'}, 'Mutfak_Lamba': {'state': False, 'probability': 0.82, 'source': 'aligned_features'}, 'Mutfak_Havalandırma': {'state': False, 'probability': 0.72, 'source': 'aligned_features'}, 'Banyo_Lamba': {'state': False, 'probability': 0.56, 'source': 'aligned_features'}, 'Banyo_Havalandırma': {'state': False, 'probability': 0.82, 'source': 'aligned_features'}}
2025-06-04 21:44:52,305 - RulesEngine - INFO - ML önerisi: Salon_Klima -> False (0.72)
2025-06-04 21:44:52,305 - RulesEngine - INFO - ML önerisi: Salon_Lamba -> False (0.79)
2025-06-04 21:44:52,305 - RulesEngine - INFO - ML önerisi: Yatak Odası_Lamba -> False (0.71)
2025-06-04 21:44:52,305 - RulesEngine - INFO - ML önerisi: Çocuk Odası_Klima -> False (0.77)
2025-06-04 21:44:52,305 - RulesEngine - INFO - ML önerisi: Çocuk Odası_Lamba -> False (0.82)
2025-06-04 21:44:52,306 - RulesEngine - INFO - ML önerisi: Mutfak_Lamba -> False (0.82)
2025-06-04 21:44:52,306 - RulesEngine - INFO - ML önerisi: Mutfak_Havalandırma -> False (0.72)
2025-06-04 21:44:52,306 - RulesEngine - INFO - ML önerisi: Banyo_Havalandırma -> False (0.82)
2025-06-04 21:44:52,306 - RulesEngine - INFO - Kural tetiklendi: Boş Oda - Lamba Kapat - Değişiklikler: {'Banyo_Lamba': False}
2025-06-04 21:44:52,306 - RulesEngine - INFO - Cihaz durumları güncellendi: {'Salon_Klima': False, 'Salon_Lamba': False, 'Salon_Perde': True, 'Yatak Odası_Klima': True, 'Yatak Odası_Lamba': False, 'Yatak Odası_Perde': True, 'Çocuk Odası_Klima': False, 'Çocuk Odası_Lamba': False, 'Çocuk Odası_Perde': False, 'Mutfak_Lamba': False, 'Mutfak_Havalandırma': False, 'Banyo_Lamba': False, 'Banyo_Havalandırma': False}
2025-06-04 21:44:53,021 - SmartHomeSimulator - INFO - ML tahminleri: {'Salon_Klima': {'state': False, 'probability': 0.72, 'source': 'aligned_features'}, 'Salon_Lamba': {'state': False, 'probability': 0.79, 'source': 'aligned_features'}, 'Salon_Perde': {'state': False, 'probability': 0.52, 'source': 'aligned_features'}, 'Yatak Odası_Klima': {'state': False, 'probability': 0.61, 'source': 'aligned_features'}, 'Yatak Odası_Lamba': {'state': False, 'probability': 0.71, 'source': 'aligned_features'}, 'Yatak Odası_Perde': {'state': False, 'probability': 0.53, 'source': 'aligned_features'}, 'Çocuk Odası_Klima': {'state': False, 'probability': 0.77, 'source': 'aligned_features'}, 'Çocuk Odası_Lamba': {'state': False, 'probability': 0.82, 'source': 'aligned_features'}, 'Çocuk Odası_Perde': {'state': False, 'probability': 0.62, 'source': 'aligned_features'}, 'Mutfak_Lamba': {'state': False, 'probability': 0.82, 'source': 'aligned_features'}, 'Mutfak_Havalandırma': {'state': False, 'probability': 0.72, 'source': 'aligned_features'}, 'Banyo_Lamba': {'state': False, 'probability': 0.56, 'source': 'aligned_features'}, 'Banyo_Havalandırma': {'state': False, 'probability': 0.82, 'source': 'aligned_features'}}
2025-06-04 21:44:53,343 - SimulationVisualizer - ERROR - Görselleştirme hatası: The truth value of an array with more than one element is ambiguous. Use a.any() or a.all()
2025-06-04 21:44:54,255 - RulesEngine - INFO - ML tahmini: {'Salon_Klima': {'state': False, 'probability': 0.7, 'source': 'aligned_features'}, 'Salon_Lamba': {'state': False, 'probability': 0.79, 'source': 'aligned_features'}, 'Salon_Perde': {'state': False, 'probability': 0.51, 'source': 'aligned_features'}, 'Yatak Odası_Klima': {'state': False, 'probability': 0.58, 'source': 'aligned_features'}, 'Yatak Odası_Lamba': {'state': False, 'probability': 0.72, 'source': 'aligned_features'}, 'Yatak Odası_Perde': {'state': False, 'probability': 0.53, 'source': 'aligned_features'}, 'Çocuk Odası_Klima': {'state': False, 'probability': 0.78, 'source': 'aligned_features'}, 'Çocuk Odası_Lamba': {'state': False, 'probability': 0.83, 'source': 'aligned_features'}, 'Çocuk Odası_Perde': {'state': False, 'probability': 0.6, 'source': 'aligned_features'}, 'Mutfak_Lamba': {'state': False, 'probability': 0.81, 'source': 'aligned_features'}, 'Mutfak_Havalandırma': {'state': False, 'probability': 0.71, 'source': 'aligned_features'}, 'Banyo_Lamba': {'state': False, 'probability': 0.56, 'source': 'aligned_features'}, 'Banyo_Havalandırma': {'state': False, 'probability': 0.82, 'source': 'aligned_features'}}
2025-06-04 21:44:54,255 - RulesEngine - INFO - ML önerisi: Salon_Klima -> False (0.70)
2025-06-04 21:44:54,255 - RulesEngine - INFO - ML önerisi: Salon_Lamba -> False (0.79)
2025-06-04 21:44:54,255 - RulesEngine - INFO - ML önerisi: Yatak Odası_Lamba -> False (0.72)
2025-06-04 21:44:54,255 - RulesEngine - INFO - ML önerisi: Çocuk Odası_Klima -> False (0.78)
2025-06-04 21:44:54,256 - RulesEngine - INFO - ML önerisi: Çocuk Odası_Lamba -> False (0.83)
2025-06-04 21:44:54,256 - RulesEngine - INFO - ML önerisi: Mutfak_Lamba -> False (0.81)
2025-06-04 21:44:54,256 - RulesEngine - INFO - ML önerisi: Mutfak_Havalandırma -> False (0.71)
2025-06-04 21:44:54,256 - RulesEngine - INFO - ML önerisi: Banyo_Havalandırma -> False (0.82)
2025-06-04 21:44:54,256 - RulesEngine - INFO - Kural tetiklendi: Boş Oda - Lamba Kapat - Değişiklikler: {'Banyo_Lamba': False}
2025-06-04 21:44:54,935 - SmartHomeSimulator - INFO - ML tahminleri: {'Salon_Klima': {'state': False, 'probability': 0.7, 'source': 'aligned_features'}, 'Salon_Lamba': {'state': False, 'probability': 0.79, 'source': 'aligned_features'}, 'Salon_Perde': {'state': False, 'probability': 0.51, 'source': 'aligned_features'}, 'Yatak Odası_Klima': {'state': False, 'probability': 0.58, 'source': 'aligned_features'}, 'Yatak Odası_Lamba': {'state': False, 'probability': 0.72, 'source': 'aligned_features'}, 'Yatak Odası_Perde': {'state': False, 'probability': 0.53, 'source': 'aligned_features'}, 'Çocuk Odası_Klima': {'state': False, 'probability': 0.78, 'source': 'aligned_features'}, 'Çocuk Odası_Lamba': {'state': False, 'probability': 0.83, 'source': 'aligned_features'}, 'Çocuk Odası_Perde': {'state': False, 'probability': 0.6, 'source': 'aligned_features'}, 'Mutfak_Lamba': {'state': False, 'probability': 0.81, 'source': 'aligned_features'}, 'Mutfak_Havalandırma': {'state': False, 'probability': 0.71, 'source': 'aligned_features'}, 'Banyo_Lamba': {'state': False, 'probability': 0.56, 'source': 'aligned_features'}, 'Banyo_Havalandırma': {'state': False, 'probability': 0.82, 'source': 'aligned_features'}}
2025-06-04 21:44:54,936 - SimulationVisualizer - ERROR - Görselleştirme hatası: The truth value of an array with more than one element is ambiguous. Use a.any() or a.all()
2025-06-04 21:44:55,848 - RulesEngine - INFO - ML tahmini: {'Salon_Klima': {'state': False, 'probability': 0.75, 'source': 'aligned_features'}, 'Salon_Lamba': {'state': False, 'probability': 0.8, 'source': 'aligned_features'}, 'Salon_Perde': {'state': False, 'probability': 0.5, 'source': 'aligned_features'}, 'Yatak Odası_Klima': {'state': False, 'probability': 0.61, 'source': 'aligned_features'}, 'Yatak Odası_Lamba': {'state': False, 'probability': 0.73, 'source': 'aligned_features'}, 'Yatak Odası_Perde': {'state': False, 'probability': 0.54, 'source': 'aligned_features'}, 'Çocuk Odası_Klima': {'state': False, 'probability': 0.77, 'source': 'aligned_features'}, 'Çocuk Odası_Lamba': {'state': False, 'probability': 0.85, 'source': 'aligned_features'}, 'Çocuk Odası_Perde': {'state': False, 'probability': 0.6, 'source': 'aligned_features'}, 'Mutfak_Lamba': {'state': False, 'probability': 0.83, 'source': 'aligned_features'}, 'Mutfak_Havalandırma': {'state': False, 'probability': 0.71, 'source': 'aligned_features'}, 'Banyo_Lamba': {'state': False, 'probability': 0.56, 'source': 'aligned_features'}, 'Banyo_Havalandırma': {'state': False, 'probability': 0.82, 'source': 'aligned_features'}}
2025-06-04 21:44:55,849 - RulesEngine - INFO - ML önerisi: Salon_Klima -> False (0.75)
2025-06-04 21:44:55,849 - RulesEngine - INFO - ML önerisi: Salon_Lamba -> False (0.80)
2025-06-04 21:44:55,849 - RulesEngine - INFO - ML önerisi: Yatak Odası_Lamba -> False (0.73)
2025-06-04 21:44:55,849 - RulesEngine - INFO - ML önerisi: Çocuk Odası_Klima -> False (0.77)
2025-06-04 21:44:55,849 - RulesEngine - INFO - ML önerisi: Çocuk Odası_Lamba -> False (0.85)
2025-06-04 21:44:55,850 - RulesEngine - INFO - ML önerisi: Mutfak_Lamba -> False (0.83)
2025-06-04 21:44:55,850 - RulesEngine - INFO - ML önerisi: Mutfak_Havalandırma -> False (0.71)
2025-06-04 21:44:55,850 - RulesEngine - INFO - ML önerisi: Banyo_Havalandırma -> False (0.82)
2025-06-04 21:44:55,850 - RulesEngine - INFO - Kural tetiklendi: Boş Oda - Lamba Kapat - Değişiklikler: {'Banyo_Lamba': False}
2025-06-04 21:44:56,547 - SmartHomeSimulator - INFO - ML tahminleri: {'Salon_Klima': {'state': False, 'probability': 0.75, 'source': 'aligned_features'}, 'Salon_Lamba': {'state': False, 'probability': 0.8, 'source': 'aligned_features'}, 'Salon_Perde': {'state': False, 'probability': 0.5, 'source': 'aligned_features'}, 'Yatak Odası_Klima': {'state': False, 'probability': 0.61, 'source': 'aligned_features'}, 'Yatak Odası_Lamba': {'state': False, 'probability': 0.73, 'source': 'aligned_features'}, 'Yatak Odası_Perde': {'state': False, 'probability': 0.54, 'source': 'aligned_features'}, 'Çocuk Odası_Klima': {'state': False, 'probability': 0.77, 'source': 'aligned_features'}, 'Çocuk Odası_Lamba': {'state': False, 'probability': 0.85, 'source': 'aligned_features'}, 'Çocuk Odası_Perde': {'state': False, 'probability': 0.6, 'source': 'aligned_features'}, 'Mutfak_Lamba': {'state': False, 'probability': 0.83, 'source': 'aligned_features'}, 'Mutfak_Havalandırma': {'state': False, 'probability': 0.71, 'source': 'aligned_features'}, 'Banyo_Lamba': {'state': False, 'probability': 0.56, 'source': 'aligned_features'}, 'Banyo_Havalandırma': {'state': False, 'probability': 0.82, 'source': 'aligned_features'}}
2025-06-04 21:44:56,547 - SimulationVisualizer - ERROR - Görselleştirme hatası: The truth value of an array with more than one element is ambiguous. Use a.any() or a.all()
2025-06-04 21:44:57,451 - RulesEngine - INFO - ML tahmini: {'Salon_Klima': {'state': False, 'probability': 0.72, 'source': 'aligned_features'}, 'Salon_Lamba': {'state': False, 'probability': 0.8, 'source': 'aligned_features'}, 'Salon_Perde': {'state': False, 'probability': 0.5, 'source': 'aligned_features'}, 'Yatak Odası_Klima': {'state': False, 'probability': 0.6, 'source': 'aligned_features'}, 'Yatak Odası_Lamba': {'state': False, 'probability': 0.71, 'source': 'aligned_features'}, 'Yatak Odası_Perde': {'state': False, 'probability': 0.54, 'source': 'aligned_features'}, 'Çocuk Odası_Klima': {'state': False, 'probability': 0.75, 'source': 'aligned_features'}, 'Çocuk Odası_Lamba': {'state': False, 'probability': 0.84, 'source': 'aligned_features'}, 'Çocuk Odası_Perde': {'state': False, 'probability': 0.6, 'source': 'aligned_features'}, 'Mutfak_Lamba': {'state': False, 'probability': 0.82, 'source': 'aligned_features'}, 'Mutfak_Havalandırma': {'state': False, 'probability': 0.72, 'source': 'aligned_features'}, 'Banyo_Lamba': {'state': False, 'probability': 0.56, 'source': 'aligned_features'}, 'Banyo_Havalandırma': {'state': False, 'probability': 0.82, 'source': 'aligned_features'}}
2025-06-04 21:44:57,451 - RulesEngine - INFO - ML önerisi: Salon_Klima -> False (0.72)
2025-06-04 21:44:57,452 - RulesEngine - INFO - ML önerisi: Salon_Lamba -> False (0.80)
2025-06-04 21:44:57,452 - RulesEngine - INFO - ML önerisi: Yatak Odası_Lamba -> False (0.71)
2025-06-04 21:44:57,452 - RulesEngine - INFO - ML önerisi: Çocuk Odası_Klima -> False (0.75)
2025-06-04 21:44:57,452 - RulesEngine - INFO - ML önerisi: Çocuk Odası_Lamba -> False (0.84)
2025-06-04 21:44:57,452 - RulesEngine - INFO - ML önerisi: Mutfak_Lamba -> False (0.82)
2025-06-04 21:44:57,452 - RulesEngine - INFO - ML önerisi: Mutfak_Havalandırma -> False (0.72)
2025-06-04 21:44:57,453 - RulesEngine - INFO - ML önerisi: Banyo_Havalandırma -> False (0.82)
2025-06-04 21:44:57,453 - RulesEngine - INFO - Kural tetiklendi: Gece Modu - Değişiklikler: {'Salon_Perde': False, 'Yatak Odası_Perde': False, 'Banyo_Lamba': False}
2025-06-04 21:44:57,453 - RulesEngine - INFO - Cihaz durumları güncellendi: {'Salon_Perde': False, 'Yatak Odası_Perde': False}
2025-06-04 21:44:58,103 - SmartHomeSimulator - INFO - ML tahminleri: {'Salon_Klima': {'state': False, 'probability': 0.72, 'source': 'aligned_features'}, 'Salon_Lamba': {'state': False, 'probability': 0.8, 'source': 'aligned_features'}, 'Salon_Perde': {'state': False, 'probability': 0.5, 'source': 'aligned_features'}, 'Yatak Odası_Klima': {'state': False, 'probability': 0.6, 'source': 'aligned_features'}, 'Yatak Odası_Lamba': {'state': False, 'probability': 0.71, 'source': 'aligned_features'}, 'Yatak Odası_Perde': {'state': False, 'probability': 0.54, 'source': 'aligned_features'}, 'Çocuk Odası_Klima': {'state': False, 'probability': 0.75, 'source': 'aligned_features'}, 'Çocuk Odası_Lamba': {'state': False, 'probability': 0.84, 'source': 'aligned_features'}, 'Çocuk Odası_Perde': {'state': False, 'probability': 0.6, 'source': 'aligned_features'}, 'Mutfak_Lamba': {'state': False, 'probability': 0.82, 'source': 'aligned_features'}, 'Mutfak_Havalandırma': {'state': False, 'probability': 0.72, 'source': 'aligned_features'}, 'Banyo_Lamba': {'state': False, 'probability': 0.56, 'source': 'aligned_features'}, 'Banyo_Havalandırma': {'state': False, 'probability': 0.82, 'source': 'aligned_features'}}
2025-06-04 21:44:58,104 - SimulationVisualizer - ERROR - Görselleştirme hatası: The truth value of an array with more than one element is ambiguous. Use a.any() or a.all()
2025-06-04 21:44:59,027 - RulesEngine - INFO - ML tahmini: {'Salon_Klima': {'state': False, 'probability': 0.73, 'source': 'aligned_features'}, 'Salon_Lamba': {'state': False, 'probability': 0.8, 'source': 'aligned_features'}, 'Salon_Perde': {'state': False, 'probability': 0.5, 'source': 'aligned_features'}, 'Yatak Odası_Klima': {'state': False, 'probability': 0.6, 'source': 'aligned_features'}, 'Yatak Odası_Lamba': {'state': False, 'probability': 0.71, 'source': 'aligned_features'}, 'Yatak Odası_Perde': {'state': False, 'probability': 0.54, 'source': 'aligned_features'}, 'Çocuk Odası_Klima': {'state': False, 'probability': 0.78, 'source': 'aligned_features'}, 'Çocuk Odası_Lamba': {'state': False, 'probability': 0.83, 'source': 'aligned_features'}, 'Çocuk Odası_Perde': {'state': False, 'probability': 0.62, 'source': 'aligned_features'}, 'Mutfak_Lamba': {'state': False, 'probability': 0.82, 'source': 'aligned_features'}, 'Mutfak_Havalandırma': {'state': False, 'probability': 0.72, 'source': 'aligned_features'}, 'Banyo_Lamba': {'state': False, 'probability': 0.55, 'source': 'aligned_features'}, 'Banyo_Havalandırma': {'state': False, 'probability': 0.82, 'source': 'aligned_features'}}
2025-06-04 21:44:59,028 - RulesEngine - INFO - ML önerisi: Salon_Klima -> False (0.73)
2025-06-04 21:44:59,028 - RulesEngine - INFO - ML önerisi: Salon_Lamba -> False (0.80)
2025-06-04 21:44:59,028 - RulesEngine - INFO - ML önerisi: Yatak Odası_Lamba -> False (0.71)
2025-06-04 21:44:59,028 - RulesEngine - INFO - ML önerisi: Çocuk Odası_Klima -> False (0.78)
2025-06-04 21:44:59,029 - RulesEngine - INFO - ML önerisi: Çocuk Odası_Lamba -> False (0.83)
2025-06-04 21:44:59,029 - RulesEngine - INFO - ML önerisi: Mutfak_Lamba -> False (0.82)
2025-06-04 21:44:59,029 - RulesEngine - INFO - ML önerisi: Mutfak_Havalandırma -> False (0.72)
2025-06-04 21:44:59,029 - RulesEngine - INFO - ML önerisi: Banyo_Havalandırma -> False (0.82)
2025-06-04 21:44:59,029 - RulesEngine - INFO - Kural tetiklendi: Gece Modu - Değişiklikler: {'Salon_Perde': False, 'Yatak Odası_Perde': False, 'Banyo_Lamba': False}
2025-06-04 21:44:59,681 - SmartHomeSimulator - INFO - ML tahminleri: {'Salon_Klima': {'state': False, 'probability': 0.73, 'source': 'aligned_features'}, 'Salon_Lamba': {'state': False, 'probability': 0.8, 'source': 'aligned_features'}, 'Salon_Perde': {'state': False, 'probability': 0.5, 'source': 'aligned_features'}, 'Yatak Odası_Klima': {'state': False, 'probability': 0.6, 'source': 'aligned_features'}, 'Yatak Odası_Lamba': {'state': False, 'probability': 0.71, 'source': 'aligned_features'}, 'Yatak Odası_Perde': {'state': False, 'probability': 0.54, 'source': 'aligned_features'}, 'Çocuk Odası_Klima': {'state': False, 'probability': 0.78, 'source': 'aligned_features'}, 'Çocuk Odası_Lamba': {'state': False, 'probability': 0.83, 'source': 'aligned_features'}, 'Çocuk Odası_Perde': {'state': False, 'probability': 0.62, 'source': 'aligned_features'}, 'Mutfak_Lamba': {'state': False, 'probability': 0.82, 'source': 'aligned_features'}, 'Mutfak_Havalandırma': {'state': False, 'probability': 0.72, 'source': 'aligned_features'}, 'Banyo_Lamba': {'state': False, 'probability': 0.55, 'source': 'aligned_features'}, 'Banyo_Havalandırma': {'state': False, 'probability': 0.82, 'source': 'aligned_features'}}
2025-06-04 21:44:59,681 - SimulationVisualizer - ERROR - Görselleştirme hatası: The truth value of an array with more than one element is ambiguous. Use a.any() or a.all()
2025-06-04 21:45:00,621 - RulesEngine - INFO - ML tahmini: {'Salon_Klima': {'state': False, 'probability': 0.73, 'source': 'aligned_features'}, 'Salon_Lamba': {'state': False, 'probability': 0.8, 'source': 'aligned_features'}, 'Salon_Perde': {'state': True, 'probability': 0.51, 'source': 'aligned_features'}, 'Yatak Odası_Klima': {'state': False, 'probability': 0.61, 'source': 'aligned_features'}, 'Yatak Odası_Lamba': {'state': False, 'probability': 0.71, 'source': 'aligned_features'}, 'Yatak Odası_Perde': {'state': False, 'probability': 0.53, 'source': 'aligned_features'}, 'Çocuk Odası_Klima': {'state': False, 'probability': 0.77, 'source': 'aligned_features'}, 'Çocuk Odası_Lamba': {'state': False, 'probability': 0.84, 'source': 'aligned_features'}, 'Çocuk Odası_Perde': {'state': False, 'probability': 0.61, 'source': 'aligned_features'}, 'Mutfak_Lamba': {'state': False, 'probability': 0.82, 'source': 'aligned_features'}, 'Mutfak_Havalandırma': {'state': False, 'probability': 0.72, 'source': 'aligned_features'}, 'Banyo_Lamba': {'state': False, 'probability': 0.55, 'source': 'aligned_features'}, 'Banyo_Havalandırma': {'state': False, 'probability': 0.82, 'source': 'aligned_features'}}
2025-06-04 21:45:00,622 - RulesEngine - INFO - ML önerisi: Salon_Klima -> False (0.73)
2025-06-04 21:45:00,622 - RulesEngine - INFO - ML önerisi: Salon_Lamba -> False (0.80)
2025-06-04 21:45:00,622 - RulesEngine - INFO - ML önerisi: Yatak Odası_Lamba -> False (0.71)
2025-06-04 21:45:00,622 - RulesEngine - INFO - ML önerisi: Çocuk Odası_Klima -> False (0.77)
2025-06-04 21:45:00,622 - RulesEngine - INFO - ML önerisi: Çocuk Odası_Lamba -> False (0.84)
2025-06-04 21:45:00,622 - RulesEngine - INFO - ML önerisi: Mutfak_Lamba -> False (0.82)
2025-06-04 21:45:00,622 - RulesEngine - INFO - ML önerisi: Mutfak_Havalandırma -> False (0.72)
2025-06-04 21:45:00,623 - RulesEngine - INFO - ML önerisi: Banyo_Havalandırma -> False (0.82)
2025-06-04 21:45:00,623 - RulesEngine - INFO - Kural tetiklendi: Gece Modu - Değişiklikler: {'Salon_Perde': False, 'Yatak Odası_Lamba': True, 'Yatak Odası_Perde': False, 'Banyo_Lamba': False}
2025-06-04 21:45:00,623 - RulesEngine - INFO - Cihaz durumları güncellendi: {'Yatak Odası_Lamba': True}
2025-06-04 21:45:01,282 - SmartHomeSimulator - INFO - ML tahminleri: {'Salon_Klima': {'state': False, 'probability': 0.73, 'source': 'aligned_features'}, 'Salon_Lamba': {'state': False, 'probability': 0.8, 'source': 'aligned_features'}, 'Salon_Perde': {'state': True, 'probability': 0.51, 'source': 'aligned_features'}, 'Yatak Odası_Klima': {'state': False, 'probability': 0.61, 'source': 'aligned_features'}, 'Yatak Odası_Lamba': {'state': False, 'probability': 0.71, 'source': 'aligned_features'}, 'Yatak Odası_Perde': {'state': False, 'probability': 0.53, 'source': 'aligned_features'}, 'Çocuk Odası_Klima': {'state': False, 'probability': 0.77, 'source': 'aligned_features'}, 'Çocuk Odası_Lamba': {'state': False, 'probability': 0.84, 'source': 'aligned_features'}, 'Çocuk Odası_Perde': {'state': False, 'probability': 0.61, 'source': 'aligned_features'}, 'Mutfak_Lamba': {'state': False, 'probability': 0.82, 'source': 'aligned_features'}, 'Mutfak_Havalandırma': {'state': False, 'probability': 0.72, 'source': 'aligned_features'}, 'Banyo_Lamba': {'state': False, 'probability': 0.55, 'source': 'aligned_features'}, 'Banyo_Havalandırma': {'state': False, 'probability': 0.82, 'source': 'aligned_features'}}
2025-06-04 21:45:01,282 - SimulationVisualizer - ERROR - Görselleştirme hatası: The truth value of an array with more than one element is ambiguous. Use a.any() or a.all()
