2025-06-04 21:41:34,344 - AkilliEvOtomasyonu - INFO - Akilli Ev Otomasyon Sistemi baslatiliyor
2025-06-04 21:41:34,346 - AkilliEvOtomasyonu - INFO - Veri simülasyonu başlatılıyor
2025-06-04 21:41:34,346 - VeriUretimi - INFO - 3 gün için veri üretiliyor...
2025-06-04 21:41:34,499 - VeriUretimi - INFO - Veri seti C:\Users\ndr20\Desktop\b.tasarım\smart-home-automation\data\raw\generated_data_20250604_2141.csv konumuna kaydedildi.
2025-06-04 21:41:34,500 - AkilliEvOtomasyonu - INFO - Model eğitimi başlatılıyor
2025-06-04 21:41:34,500 - ModelEgitimi - INFO - ML modelleri eğitiliyor: C:\Users\ndr20\Desktop\b.tasarım\smart-home-automation\data\raw\generated_data_20250604_2141.csv
2025-06-04 21:41:39,492 - ModelEgitimi - INFO - Performans raporu oluşturuldu: C:\Users\ndr20\Desktop\b.tasarım\smart-home-automation\reports\performance_report_20250604_214139.md
2025-06-04 21:41:39,866 - ModelEgitimi - INFO - Model yöneticisi kaydedildi: C:\Users\ndr20\Desktop\b.tasarım\smart-home-automation\models\model_manager_20250604_214139.json
2025-06-04 21:41:39,868 - Simülasyon - INFO - Simülasyon başlatılıyor: demo modu
2025-06-04 21:41:39,869 - RulesEngine - INFO - Kural motoru başlatıldı
2025-06-04 21:41:39,871 - SmartHomeSimulator - INFO - Simülasyon başlatıldı
2025-06-04 21:41:39,871 - SmartHomeSimulator - INFO - ML modeli bulunamadı, eğitiliyor...
2025-06-04 21:41:39,871 - SmartHomeSimulator - INFO - Makine öğrenmesi modeli için 3 günlük veri üretiliyor
2025-06-04 21:41:45,042 - RulesEngine - INFO - ML modeli ayarlandı: True
2025-06-04 21:41:45,042 - SmartHomeSimulator - INFO - ML modeli eğitimi tamamlandı
2025-06-04 21:41:45,043 - SmartHomeSimulator - INFO - Varsayılan kurallar ayarlanıyor
2025-06-04 21:41:45,043 - RulesEngine - INFO - Kural eklendi: Yüksek Sıcaklık - Klima Aç (öncelik: 2)
2025-06-04 21:41:45,043 - RulesEngine - INFO - Kural eklendi: Boş Oda - Lamba Kapat (öncelik: 1)
2025-06-04 21:41:45,043 - RulesEngine - INFO - Kural eklendi: Gece Modu (öncelik: 3)
2025-06-04 21:41:45,043 - RulesEngine - INFO - Kural eklendi: Sabah Rutini (öncelik: 2)
2025-06-04 21:41:45,044 - SmartHomeSimulator - INFO - Simülasyon başlatılıyor: 1 adım, görüntüleme: True
2025-06-04 21:41:45,863 - RulesEngine - INFO - ML tahmini: {'Salon_Klima': {'state': False, 'probability': 0.71, 'source': 'aligned_features'}, 'Salon_Lamba': {'state': False, 'probability': 0.77, 'source': 'aligned_features'}, 'Salon_Perde': {'state': False, 'probability': 0.51, 'source': 'aligned_features'}, 'Yatak Odası_Klima': {'state': False, 'probability': 0.71, 'source': 'aligned_features'}, 'Yatak Odası_Lamba': {'state': False, 'probability': 0.61, 'source': 'aligned_features'}, 'Yatak Odası_Perde': {'state': False, 'probability': 0.62, 'source': 'aligned_features'}, 'Çocuk Odası_Klima': {'state': False, 'probability': 0.77, 'source': 'aligned_features'}, 'Çocuk Odası_Lamba': {'state': False, 'probability': 0.75, 'source': 'aligned_features'}, 'Çocuk Odası_Perde': {'state': False, 'probability': 0.8, 'source': 'aligned_features'}, 'Mutfak_Lamba': {'state': False, 'probability': 0.67, 'source': 'aligned_features'}, 'Mutfak_Havalandırma': {'state': False, 'probability': 0.73, 'source': 'aligned_features'}, 'Banyo_Lamba': {'state': False, 'probability': 0.66, 'source': 'aligned_features'}, 'Banyo_Havalandırma': {'state': False, 'probability': 0.81, 'source': 'aligned_features'}}
2025-06-04 21:41:45,864 - RulesEngine - INFO - ML önerisi: Salon_Klima -> False (0.71)
2025-06-04 21:41:45,864 - RulesEngine - INFO - ML önerisi: Salon_Lamba -> False (0.77)
2025-06-04 21:41:45,864 - RulesEngine - INFO - ML önerisi: Yatak Odası_Klima -> False (0.71)
2025-06-04 21:41:45,864 - RulesEngine - INFO - ML önerisi: Çocuk Odası_Klima -> False (0.77)
2025-06-04 21:41:45,864 - RulesEngine - INFO - ML önerisi: Çocuk Odası_Lamba -> False (0.75)
2025-06-04 21:41:45,864 - RulesEngine - INFO - ML önerisi: Çocuk Odası_Perde -> False (0.80)
2025-06-04 21:41:45,865 - RulesEngine - INFO - ML önerisi: Mutfak_Havalandırma -> False (0.73)
2025-06-04 21:41:45,865 - RulesEngine - INFO - ML önerisi: Banyo_Havalandırma -> False (0.81)
2025-06-04 21:41:45,865 - RulesEngine - INFO - Kural tetiklendi: Boş Oda - Lamba Kapat - Değişiklikler: {'Yatak Odası_Lamba': False, 'Mutfak_Lamba': False}
2025-06-04 21:41:45,865 - RulesEngine - INFO - Cihaz durumları güncellendi: {'Salon_Klima': False, 'Salon_Lamba': False, 'Salon_Perde': False, 'Yatak Odası_Klima': False, 'Yatak Odası_Lamba': False, 'Yatak Odası_Perde': False, 'Çocuk Odası_Klima': False, 'Çocuk Odası_Lamba': False, 'Çocuk Odası_Perde': False, 'Mutfak_Lamba': False, 'Mutfak_Havalandırma': False, 'Banyo_Lamba': True, 'Banyo_Havalandırma': False}
2025-06-04 21:41:46,703 - SmartHomeSimulator - INFO - ML tahminleri: {'Salon_Klima': {'state': False, 'probability': 0.71, 'source': 'aligned_features'}, 'Salon_Lamba': {'state': False, 'probability': 0.77, 'source': 'aligned_features'}, 'Salon_Perde': {'state': False, 'probability': 0.51, 'source': 'aligned_features'}, 'Yatak Odası_Klima': {'state': False, 'probability': 0.71, 'source': 'aligned_features'}, 'Yatak Odası_Lamba': {'state': False, 'probability': 0.61, 'source': 'aligned_features'}, 'Yatak Odası_Perde': {'state': False, 'probability': 0.62, 'source': 'aligned_features'}, 'Çocuk Odası_Klima': {'state': False, 'probability': 0.77, 'source': 'aligned_features'}, 'Çocuk Odası_Lamba': {'state': False, 'probability': 0.75, 'source': 'aligned_features'}, 'Çocuk Odası_Perde': {'state': False, 'probability': 0.8, 'source': 'aligned_features'}, 'Mutfak_Lamba': {'state': False, 'probability': 0.67, 'source': 'aligned_features'}, 'Mutfak_Havalandırma': {'state': False, 'probability': 0.73, 'source': 'aligned_features'}, 'Banyo_Lamba': {'state': False, 'probability': 0.66, 'source': 'aligned_features'}, 'Banyo_Havalandırma': {'state': False, 'probability': 0.81, 'source': 'aligned_features'}}
2025-06-04 21:41:47,032 - SimulationVisualizer - ERROR - Görselleştirme hatası: The truth value of an array with more than one element is ambiguous. Use a.any() or a.all()
2025-06-04 21:41:47,283 - SmartHomeSimulator - INFO - Simülasyon tamamlandı: 1 adım
2025-06-04 21:41:47,288 - SmartHomeSimulator - INFO - Simülasyon geçmişi C:\Users\ndr20\Desktop\b.tasarım\smart-home-automation\data\simulation\simulation_history_20250604_214147.csv konumuna kaydedildi
2025-06-04 21:41:47,288 - AkilliEvOtomasyonu - INFO - Uygulama başarıyla tamamlandı
