2025-06-04 21:59:23,651 - AkilliEvOtomasyonu - INFO - Akilli Ev Otomasyon Sistemi baslatiliyor
2025-06-04 21:59:23,653 - Simülasyon - INFO - Simülasyon başlatılıyor: demo modu
2025-06-04 21:59:23,654 - RulesEngine - INFO - Kural motoru başlatıldı
2025-06-04 21:59:23,656 - SmartHomeSimulator - INFO - Simülasyon başlatıldı
2025-06-04 21:59:23,656 - SmartHomeSimulator - INFO - ML modeli bulunamadı, eğitiliyor...
2025-06-04 21:59:23,656 - SmartHomeSimulator - INFO - Makine öğrenmesi modeli için 3 günlük veri üretiliyor
2025-06-04 21:59:28,759 - RulesEngine - INFO - ML modeli ayarlandı: True
2025-06-04 21:59:28,770 - SmartHomeSimulator - INFO - ML modeli eğitimi tamamlandı
2025-06-04 21:59:28,770 - SmartHomeSimulator - INFO - Varsayılan kurallar ayarlanıyor
2025-06-04 21:59:28,771 - RulesEngine - INFO - Kural eklendi: Yüksek Sıcaklık - Klima Aç (öncelik: 2)
2025-06-04 21:59:28,771 - RulesEngine - INFO - Kural eklendi: Boş Oda - Lamba Kapat (öncelik: 1)
2025-06-04 21:59:28,771 - RulesEngine - INFO - Kural eklendi: Gece Modu (öncelik: 3)
2025-06-04 21:59:28,772 - RulesEngine - INFO - Kural eklendi: Sabah Rutini (öncelik: 2)
2025-06-04 21:59:28,772 - SmartHomeSimulator - INFO - Simülasyon başlatılıyor: 1 adım, görüntüleme: True
2025-06-04 21:59:28,881 - SmartHomeSimulator - INFO - Successfully made predictions with feature bypass
2025-06-04 21:59:28,881 - SmartHomeSimulator - INFO - ML predictions: {'Salon_Klima': {'state': False, 'probability': 0.42, 'source': 'feature_padded'}, 'Salon_Lamba': {'state': False, 'probability': 0.39, 'source': 'feature_padded'}, 'Salon_Perde': {'state': False, 'probability': 0.43, 'source': 'feature_padded'}, 'Yatak Odası_Klima': {'state': True, 'probability': 0.55, 'source': 'feature_padded'}, 'Yatak Odası_Lamba': {'state': False, 'probability': 0.4, 'source': 'feature_padded'}, 'Yatak Odası_Perde': {'state': False, 'probability': 0.48, 'source': 'feature_padded'}, 'Çocuk Odası_Klima': {'state': False, 'probability': 0.23, 'source': 'feature_padded'}, 'Çocuk Odası_Lamba': {'state': False, 'probability': 0.12, 'source': 'feature_padded'}, 'Çocuk Odası_Perde': {'state': False, 'probability': 0.24, 'source': 'feature_padded'}, 'Mutfak_Lamba': {'state': False, 'probability': 0.25, 'source': 'feature_padded'}, 'Mutfak_Havalandırma': {'state': False, 'probability': 0.34, 'source': 'feature_padded'}, 'Banyo_Lamba': {'state': False, 'probability': 0.25, 'source': 'feature_padded'}, 'Banyo_Havalandırma': {'state': True, 'probability': 0.56, 'source': 'feature_padded'}}
2025-06-04 21:59:28,882 - RulesEngine - INFO - ML tahmini: {'Salon_Klima': {'state': False, 'probability': 0.42, 'source': 'feature_padded'}, 'Salon_Lamba': {'state': False, 'probability': 0.39, 'source': 'feature_padded'}, 'Salon_Perde': {'state': False, 'probability': 0.43, 'source': 'feature_padded'}, 'Yatak Odası_Klima': {'state': True, 'probability': 0.55, 'source': 'feature_padded'}, 'Yatak Odası_Lamba': {'state': False, 'probability': 0.4, 'source': 'feature_padded'}, 'Yatak Odası_Perde': {'state': False, 'probability': 0.48, 'source': 'feature_padded'}, 'Çocuk Odası_Klima': {'state': False, 'probability': 0.23, 'source': 'feature_padded'}, 'Çocuk Odası_Lamba': {'state': False, 'probability': 0.12, 'source': 'feature_padded'}, 'Çocuk Odası_Perde': {'state': False, 'probability': 0.24, 'source': 'feature_padded'}, 'Mutfak_Lamba': {'state': False, 'probability': 0.25, 'source': 'feature_padded'}, 'Mutfak_Havalandırma': {'state': False, 'probability': 0.34, 'source': 'feature_padded'}, 'Banyo_Lamba': {'state': False, 'probability': 0.25, 'source': 'feature_padded'}, 'Banyo_Havalandırma': {'state': True, 'probability': 0.56, 'source': 'feature_padded'}}
2025-06-04 21:59:28,882 - RulesEngine - INFO - Kural tetiklendi: Gece Modu - Değişiklikler: {'Salon_Perde': False, 'Yatak Odası_Lamba': False, 'Yatak Odası_Perde': False, 'Çocuk Odası_Perde': False, 'Mutfak_Lamba': False}
2025-06-04 21:59:28,883 - RulesEngine - INFO - Kural kararı: Gece Modu - Salon_Perde Set to False
2025-06-04 21:59:28,883 - RulesEngine - INFO - Kural kararı: Gece Modu - Yatak Odası_Lamba Set to False
2025-06-04 21:59:28,883 - RulesEngine - INFO - Kural kararı: Gece Modu - Yatak Odası_Perde Set to False
2025-06-04 21:59:28,883 - RulesEngine - INFO - Kural kararı: Gece Modu - Çocuk Odası_Perde Set to False
2025-06-04 21:59:28,884 - RulesEngine - INFO - Kural kararı: Gece Modu - Mutfak_Lamba Set to False
2025-06-04 21:59:28,884 - RulesEngine - INFO - Cihaz durumları güncellendi: {'Salon_Klima': False, 'Salon_Lamba': False, 'Salon_Perde': False, 'Yatak Odası_Klima': False, 'Yatak Odası_Lamba': False, 'Yatak Odası_Perde': False, 'Çocuk Odası_Klima': False, 'Çocuk Odası_Lamba': True, 'Çocuk Odası_Perde': False, 'Mutfak_Lamba': False, 'Mutfak_Havalandırma': True, 'Banyo_Lamba': False, 'Banyo_Havalandırma': True}
2025-06-04 21:59:29,196 - SimulationVisualizer - ERROR - Görselleştirme hatası: The truth value of an array with more than one element is ambiguous. Use a.any() or a.all()
2025-06-04 21:59:29,448 - SmartHomeSimulator - INFO - Simülasyon tamamlandı: 1 adım
2025-06-04 21:59:29,453 - SmartHomeSimulator - INFO - Simülasyon geçmişi C:\Users\ndr20\Desktop\b.tasarım\smart-home-automation\data\simulation\simulation_history_20250604_215929.csv konumuna kaydedildi
2025-06-04 21:59:29,453 - AkilliEvOtomasyonu - INFO - Uygulama başarıyla tamamlandı
