2025-06-04 22:22:24,377 - AkilliEvOtomasyonu - INFO - Akilli Ev Otomasyon Sistemi baslatiliyor
2025-06-04 22:22:24,381 - Simülasyon - INFO - Simülasyon başlatılıyor: interactive modu
2025-06-04 22:22:24,383 - RulesEngine - INFO - Kural motoru başlatıldı
2025-06-04 22:22:24,386 - SmartHomeSimulator - INFO - Simülasyon başlatıldı
2025-06-04 22:22:29,002 - SmartHomeSimulator - INFO - ML modeli bulunamadı, eğitiliyor...
2025-06-04 22:22:29,002 - SmartHomeSimulator - INFO - Makine öğrenmesi modeli için 3 günlük veri üretiliyor
2025-06-04 22:22:37,978 - RulesEngine - INFO - ML modeli ayarlandı: True
2025-06-04 22:22:38,013 - SmartHomeSimulator - INFO - ML modeli eğitimi tamamlandı
2025-06-04 22:22:38,014 - SmartHomeSimulator - INFO - Varsayılan kurallar ayarlanıyor
2025-06-04 22:22:38,014 - RulesEngine - INFO - Kural eklendi: Yüksek Sıcaklık - Klima Aç (öncelik: 2)
2025-06-04 22:22:38,015 - RulesEngine - INFO - Kural eklendi: Boş Oda - Lamba Kapat (öncelik: 1)
2025-06-04 22:22:38,015 - RulesEngine - INFO - Kural eklendi: Gece Modu (öncelik: 3)
2025-06-04 22:22:38,016 - RulesEngine - INFO - Kural eklendi: Sabah Rutini (öncelik: 2)
2025-06-04 22:22:38,017 - SmartHomeSimulator - INFO - Simülasyon başlatılıyor: 1 adım, görüntüleme: True
2025-06-04 22:22:38,269 - SmartHomeSimulator - INFO - Successfully made predictions with feature bypass
2025-06-04 22:22:38,269 - SmartHomeSimulator - INFO - ML predictions: {'Salon_Klima': {'state': False, 'probability': 0.21, 'source': 'feature_padded'}, 'Salon_Lamba': {'state': False, 'probability': 0.31, 'source': 'feature_padded'}, 'Salon_Perde': {'state': False, 'probability': 0.44, 'source': 'feature_padded'}, 'Yatak Odası_Klima': {'state': True, 'probability': 0.51, 'source': 'feature_padded'}, 'Yatak Odası_Lamba': {'state': False, 'probability': 0.38, 'source': 'feature_padded'}, 'Yatak Odası_Perde': {'state': False, 'probability': 0.47, 'source': 'feature_padded'}, 'Çocuk Odası_Klima': {'state': False, 'probability': 0.31, 'source': 'feature_padded'}, 'Çocuk Odası_Lamba': {'state': False, 'probability': 0.35, 'source': 'feature_padded'}, 'Çocuk Odası_Perde': {'state': False, 'probability': 0.19, 'source': 'feature_padded'}, 'Mutfak_Lamba': {'state': True, 'probability': 0.53, 'source': 'feature_padded'}, 'Mutfak_Havalandırma': {'state': False, 'probability': 0.41, 'source': 'feature_padded'}, 'Banyo_Lamba': {'state': False, 'probability': 0.43, 'source': 'feature_padded'}, 'Banyo_Havalandırma': {'state': False, 'probability': 0.35, 'source': 'feature_padded'}}
2025-06-04 22:22:38,270 - RulesEngine - INFO - ML tahmini: {'Salon_Klima': {'state': False, 'probability': 0.21, 'source': 'feature_padded'}, 'Salon_Lamba': {'state': False, 'probability': 0.31, 'source': 'feature_padded'}, 'Salon_Perde': {'state': False, 'probability': 0.44, 'source': 'feature_padded'}, 'Yatak Odası_Klima': {'state': True, 'probability': 0.51, 'source': 'feature_padded'}, 'Yatak Odası_Lamba': {'state': False, 'probability': 0.38, 'source': 'feature_padded'}, 'Yatak Odası_Perde': {'state': False, 'probability': 0.47, 'source': 'feature_padded'}, 'Çocuk Odası_Klima': {'state': False, 'probability': 0.31, 'source': 'feature_padded'}, 'Çocuk Odası_Lamba': {'state': False, 'probability': 0.35, 'source': 'feature_padded'}, 'Çocuk Odası_Perde': {'state': False, 'probability': 0.19, 'source': 'feature_padded'}, 'Mutfak_Lamba': {'state': True, 'probability': 0.53, 'source': 'feature_padded'}, 'Mutfak_Havalandırma': {'state': False, 'probability': 0.41, 'source': 'feature_padded'}, 'Banyo_Lamba': {'state': False, 'probability': 0.43, 'source': 'feature_padded'}, 'Banyo_Havalandırma': {'state': False, 'probability': 0.35, 'source': 'feature_padded'}}
2025-06-04 22:22:38,271 - RulesEngine - INFO - Kural tetiklendi: Gece Modu - Değişiklikler: {'Salon_Perde': False, 'Yatak Odası_Lamba': False, 'Yatak Odası_Perde': False, 'Çocuk Odası_Lamba': False, 'Çocuk Odası_Perde': False, 'Mutfak_Lamba': False, 'Banyo_Lamba': False}
2025-06-04 22:22:38,271 - RulesEngine - INFO - Kural kararı: Gece Modu - Salon_Perde Set to False
2025-06-04 22:22:38,271 - RulesEngine - INFO - Kural kararı: Gece Modu - Yatak Odası_Lamba Set to False
2025-06-04 22:22:38,271 - RulesEngine - INFO - Kural kararı: Gece Modu - Yatak Odası_Perde Set to False
2025-06-04 22:22:38,272 - RulesEngine - INFO - Kural kararı: Gece Modu - Çocuk Odası_Lamba Set to False
2025-06-04 22:22:38,272 - RulesEngine - INFO - Kural kararı: Gece Modu - Çocuk Odası_Perde Set to False
2025-06-04 22:22:38,272 - RulesEngine - INFO - Kural kararı: Gece Modu - Mutfak_Lamba Set to False
2025-06-04 22:22:38,272 - RulesEngine - INFO - Kural kararı: Gece Modu - Banyo_Lamba Set to False
2025-06-04 22:22:38,273 - RulesEngine - INFO - Kural tetiklendi: Yüksek Sıcaklık - Klima Aç - Değişiklikler: {'Çocuk Odası_Klima': True}
2025-06-04 22:22:38,273 - RulesEngine - INFO - Kural kararı: Yüksek Sıcaklık - Klima Aç - Çocuk Odası_Klima Set to True
2025-06-04 22:22:38,273 - RulesEngine - INFO - Cihaz durumları güncellendi: {'Salon_Klima': False, 'Salon_Lamba': False, 'Salon_Perde': False, 'Yatak Odası_Klima': True, 'Yatak Odası_Lamba': False, 'Yatak Odası_Perde': False, 'Çocuk Odası_Klima': True, 'Çocuk Odası_Lamba': False, 'Çocuk Odası_Perde': False, 'Mutfak_Lamba': False, 'Mutfak_Havalandırma': False, 'Banyo_Lamba': False, 'Banyo_Havalandırma': False}
2025-06-04 22:22:38,274 - SimulationVisualizer - WARNING - Starting visualization in non-main thread - using non-interactive mode
2025-06-04 22:22:39,335 - SimulationVisualizer - INFO - Görselleştirme kaydedildi: C:\Users\ndr20\Desktop\b.tasarım\smart-home-automation\output\visualizations\simulation_vis_20250604_222238.png
2025-06-04 22:22:39,837 - SmartHomeSimulator - INFO - Simülasyon tamamlandı: 1 adım
2025-06-04 22:23:30,064 - SimulationVisualizer - ERROR - Error closing matplotlib resources: main thread is not in main loop
2025-06-04 22:23:31,131 - SimulationVisualizer - ERROR - Error closing matplotlib resources: main thread is not in main loop
2025-06-04 22:23:31,132 - AkilliEvOtomasyonu - INFO - Uygulama başarıyla tamamlandı
