2025-06-04 22:04:03,237 - AkilliEvOtomasyonu - INFO - Akilli Ev Otomasyon Sistemi baslatiliyor
2025-06-04 22:04:03,239 - Simülasyon - INFO - Simülasyon başlatılıyor: demo modu
2025-06-04 22:04:03,240 - RulesEngine - INFO - Kural motoru başlatıldı
2025-06-04 22:04:03,241 - SmartHomeSimulator - INFO - Simülasyon başlatıldı
2025-06-04 22:04:03,242 - SmartHomeSimulator - INFO - ML modeli bulunamadı, eğitiliyor...
2025-06-04 22:04:03,242 - SmartHomeSimulator - INFO - Makine öğrenmesi modeli için 3 günlük veri üretiliyor
2025-06-04 22:04:08,384 - RulesEngine - INFO - ML modeli ayarlandı: True
2025-06-04 22:04:08,385 - SmartHomeSimulator - INFO - ML modeli eğitimi tamamlandı
2025-06-04 22:04:08,385 - SmartHomeSimulator - INFO - Varsayılan kurallar ayarlanıyor
2025-06-04 22:04:08,385 - RulesEngine - INFO - Kural eklendi: Yüksek Sıcaklık - Klima Aç (öncelik: 2)
2025-06-04 22:04:08,386 - RulesEngine - INFO - Kural eklendi: Boş Oda - Lamba Kapat (öncelik: 1)
2025-06-04 22:04:08,386 - RulesEngine - INFO - Kural eklendi: Gece Modu (öncelik: 3)
2025-06-04 22:04:08,386 - RulesEngine - INFO - Kural eklendi: Sabah Rutini (öncelik: 2)
2025-06-04 22:04:08,386 - SmartHomeSimulator - INFO - Simülasyon başlatılıyor: 1 adım, görüntüleme: True
2025-06-04 22:04:08,409 - SmartHomeSimulator - INFO - Successfully made predictions with feature bypass
2025-06-04 22:04:08,409 - SmartHomeSimulator - INFO - ML predictions: {'Salon_Klima': {'state': False, 'probability': 0.0, 'error': "float() argument must be a string or a real number, not 'Timestamp'", 'source': 'default'}, 'Salon_Lamba': {'state': False, 'probability': 0.0, 'error': "float() argument must be a string or a real number, not 'Timestamp'", 'source': 'default'}, 'Salon_Perde': {'state': False, 'probability': 0.0, 'error': "float() argument must be a string or a real number, not 'Timestamp'", 'source': 'default'}, 'Yatak Odası_Klima': {'state': False, 'probability': 0.0, 'error': "float() argument must be a string or a real number, not 'Timestamp'", 'source': 'default'}, 'Yatak Odası_Lamba': {'state': False, 'probability': 0.0, 'error': "float() argument must be a string or a real number, not 'Timestamp'", 'source': 'default'}, 'Yatak Odası_Perde': {'state': False, 'probability': 0.0, 'error': "float() argument must be a string or a real number, not 'Timestamp'", 'source': 'default'}, 'Çocuk Odası_Klima': {'state': False, 'probability': 0.0, 'error': "float() argument must be a string or a real number, not 'Timestamp'", 'source': 'default'}, 'Çocuk Odası_Lamba': {'state': False, 'probability': 0.0, 'error': "float() argument must be a string or a real number, not 'Timestamp'", 'source': 'default'}, 'Çocuk Odası_Perde': {'state': False, 'probability': 0.0, 'error': "float() argument must be a string or a real number, not 'Timestamp'", 'source': 'default'}, 'Mutfak_Lamba': {'state': False, 'probability': 0.0, 'error': "float() argument must be a string or a real number, not 'Timestamp'", 'source': 'default'}, 'Mutfak_Havalandırma': {'state': False, 'probability': 0.0, 'error': "float() argument must be a string or a real number, not 'Timestamp'", 'source': 'default'}, 'Banyo_Lamba': {'state': False, 'probability': 0.0, 'error': "float() argument must be a string or a real number, not 'Timestamp'", 'source': 'default'}, 'Banyo_Havalandırma': {'state': False, 'probability': 0.0, 'error': "float() argument must be a string or a real number, not 'Timestamp'", 'source': 'default'}}
2025-06-04 22:04:08,410 - RulesEngine - INFO - ML tahmini: {'Salon_Klima': {'state': False, 'probability': 0.0, 'error': "float() argument must be a string or a real number, not 'Timestamp'", 'source': 'default'}, 'Salon_Lamba': {'state': False, 'probability': 0.0, 'error': "float() argument must be a string or a real number, not 'Timestamp'", 'source': 'default'}, 'Salon_Perde': {'state': False, 'probability': 0.0, 'error': "float() argument must be a string or a real number, not 'Timestamp'", 'source': 'default'}, 'Yatak Odası_Klima': {'state': False, 'probability': 0.0, 'error': "float() argument must be a string or a real number, not 'Timestamp'", 'source': 'default'}, 'Yatak Odası_Lamba': {'state': False, 'probability': 0.0, 'error': "float() argument must be a string or a real number, not 'Timestamp'", 'source': 'default'}, 'Yatak Odası_Perde': {'state': False, 'probability': 0.0, 'error': "float() argument must be a string or a real number, not 'Timestamp'", 'source': 'default'}, 'Çocuk Odası_Klima': {'state': False, 'probability': 0.0, 'error': "float() argument must be a string or a real number, not 'Timestamp'", 'source': 'default'}, 'Çocuk Odası_Lamba': {'state': False, 'probability': 0.0, 'error': "float() argument must be a string or a real number, not 'Timestamp'", 'source': 'default'}, 'Çocuk Odası_Perde': {'state': False, 'probability': 0.0, 'error': "float() argument must be a string or a real number, not 'Timestamp'", 'source': 'default'}, 'Mutfak_Lamba': {'state': False, 'probability': 0.0, 'error': "float() argument must be a string or a real number, not 'Timestamp'", 'source': 'default'}, 'Mutfak_Havalandırma': {'state': False, 'probability': 0.0, 'error': "float() argument must be a string or a real number, not 'Timestamp'", 'source': 'default'}, 'Banyo_Lamba': {'state': False, 'probability': 0.0, 'error': "float() argument must be a string or a real number, not 'Timestamp'", 'source': 'default'}, 'Banyo_Havalandırma': {'state': False, 'probability': 0.0, 'error': "float() argument must be a string or a real number, not 'Timestamp'", 'source': 'default'}}
2025-06-04 22:04:08,410 - RulesEngine - INFO - Kural tetiklendi: Gece Modu - Değişiklikler: {'Salon_Perde': False, 'Yatak Odası_Lamba': False, 'Yatak Odası_Perde': False, 'Çocuk Odası_Lamba': False, 'Çocuk Odası_Perde': False, 'Mutfak_Lamba': False}
2025-06-04 22:04:08,410 - RulesEngine - INFO - Kural kararı: Gece Modu - Salon_Perde Set to False
2025-06-04 22:04:08,410 - RulesEngine - INFO - Kural kararı: Gece Modu - Yatak Odası_Lamba Set to False
2025-06-04 22:04:08,411 - RulesEngine - INFO - Kural kararı: Gece Modu - Yatak Odası_Perde Set to False
2025-06-04 22:04:08,411 - RulesEngine - INFO - Kural kararı: Gece Modu - Çocuk Odası_Lamba Set to False
2025-06-04 22:04:08,411 - RulesEngine - INFO - Kural kararı: Gece Modu - Çocuk Odası_Perde Set to False
2025-06-04 22:04:08,411 - RulesEngine - INFO - Kural kararı: Gece Modu - Mutfak_Lamba Set to False
2025-06-04 22:04:08,411 - RulesEngine - INFO - Cihaz durumları güncellendi: {'Salon_Klima': True, 'Salon_Lamba': True, 'Salon_Perde': False, 'Yatak Odası_Klima': False, 'Yatak Odası_Lamba': False, 'Yatak Odası_Perde': False, 'Çocuk Odası_Klima': False, 'Çocuk Odası_Lamba': False, 'Çocuk Odası_Perde': False, 'Mutfak_Lamba': False, 'Mutfak_Havalandırma': False, 'Banyo_Lamba': False, 'Banyo_Havalandırma': False}
2025-06-04 22:04:08,720 - SimulationVisualizer - ERROR - Görselleştirme hatası: The truth value of an array with more than one element is ambiguous. Use a.any() or a.all()
2025-06-04 22:04:08,724 - SimulationVisualizer - ERROR - Traceback (most recent call last):
  File "C:\Users\ndr20\Desktop\b.tasarım\smart-home-automation\src\utils\visualization.py", line 92, in update_display
    self._extract_and_visualize_data(simulation_data)
    ~~~~~~~~~~~~~~~~~~~~~~~~~~~~~~~~^^^^^^^^^^^^^^^^^
  File "C:\Users\ndr20\Desktop\b.tasarım\smart-home-automation\src\utils\visualization.py", line 106, in _extract_and_visualize_data
    if not self.axes or not data:
           ^^^^^^^^^
ValueError: The truth value of an array with more than one element is ambiguous. Use a.any() or a.all()

2025-06-04 22:04:08,975 - SmartHomeSimulator - INFO - Simülasyon tamamlandı: 1 adım
2025-06-04 22:04:08,979 - SmartHomeSimulator - INFO - Simülasyon geçmişi C:\Users\ndr20\Desktop\b.tasarım\smart-home-automation\data\simulation\simulation_history_20250604_220408.csv konumuna kaydedildi
2025-06-04 22:04:08,980 - AkilliEvOtomasyonu - INFO - Uygulama başarıyla tamamlandı
