2025-06-04 21:54:18,996 - AkilliEvOtomasyonu - INFO - Akilli Ev Otomasyon Sistemi baslatiliyor
2025-06-04 21:54:18,997 - Simülasyon - INFO - Simülasyon başlatılıyor: demo modu
2025-06-04 21:54:18,998 - RulesEngine - INFO - Kural motoru başlatıldı
2025-06-04 21:54:19,000 - SmartHomeSimulator - INFO - Simülasyon başlatıldı
2025-06-04 21:54:19,000 - SmartHomeSimulator - INFO - ML modeli bulunamadı, eğitiliyor...
2025-06-04 21:54:19,000 - SmartHomeSimulator - INFO - Makine öğrenmesi modeli için 3 günlük veri üretiliyor
2025-06-04 21:54:24,203 - RulesEngine - INFO - ML modeli ayarlandı: True
2025-06-04 21:54:24,213 - SmartHomeSimulator - INFO - ML modeli eğitimi tamamlandı
2025-06-04 21:54:24,213 - SmartHomeSimulator - INFO - Varsayılan kurallar ayarlanıyor
2025-06-04 21:54:24,214 - RulesEngine - INFO - Kural eklendi: Yüksek Sıcaklık - Klima Aç (öncelik: 2)
2025-06-04 21:54:24,214 - RulesEngine - INFO - Kural eklendi: Boş Oda - Lamba Kapat (öncelik: 1)
2025-06-04 21:54:24,214 - RulesEngine - INFO - Kural eklendi: Gece Modu (öncelik: 3)
2025-06-04 21:54:24,215 - RulesEngine - INFO - Kural eklendi: Sabah Rutini (öncelik: 2)
2025-06-04 21:54:24,215 - SmartHomeSimulator - INFO - Simülasyon başlatılıyor: 1 adım, görüntüleme: True
2025-06-04 21:54:24,323 - SmartHomeSimulator - INFO - Successfully made predictions with feature bypass
2025-06-04 21:54:24,324 - SmartHomeSimulator - INFO - ML predictions: {'Salon_Klima': {'state': False, 'probability': 0.38, 'source': 'feature_padded'}, 'Salon_Lamba': {'state': True, 'probability': 0.51, 'source': 'feature_padded'}, 'Salon_Perde': {'state': False, 'probability': 0.46, 'source': 'feature_padded'}, 'Yatak Odası_Klima': {'state': False, 'probability': 0.3, 'source': 'feature_padded'}, 'Yatak Odası_Lamba': {'state': False, 'probability': 0.43, 'source': 'feature_padded'}, 'Yatak Odası_Perde': {'state': False, 'probability': 0.37, 'source': 'feature_padded'}, 'Çocuk Odası_Klima': {'state': False, 'probability': 0.37, 'source': 'feature_padded'}, 'Çocuk Odası_Lamba': {'state': False, 'probability': 0.44, 'source': 'feature_padded'}, 'Çocuk Odası_Perde': {'state': False, 'probability': 0.47, 'source': 'feature_padded'}, 'Mutfak_Lamba': {'state': False, 'probability': 0.35, 'source': 'feature_padded'}, 'Mutfak_Havalandırma': {'state': False, 'probability': 0.4, 'source': 'feature_padded'}, 'Banyo_Lamba': {'state': True, 'probability': 0.51, 'source': 'feature_padded'}, 'Banyo_Havalandırma': {'state': False, 'probability': 0.49, 'source': 'feature_padded'}}
2025-06-04 21:54:24,324 - RulesEngine - INFO - ML tahmini: {'Salon_Klima': {'state': False, 'probability': 0.38, 'source': 'feature_padded'}, 'Salon_Lamba': {'state': True, 'probability': 0.51, 'source': 'feature_padded'}, 'Salon_Perde': {'state': False, 'probability': 0.46, 'source': 'feature_padded'}, 'Yatak Odası_Klima': {'state': False, 'probability': 0.3, 'source': 'feature_padded'}, 'Yatak Odası_Lamba': {'state': False, 'probability': 0.43, 'source': 'feature_padded'}, 'Yatak Odası_Perde': {'state': False, 'probability': 0.37, 'source': 'feature_padded'}, 'Çocuk Odası_Klima': {'state': False, 'probability': 0.37, 'source': 'feature_padded'}, 'Çocuk Odası_Lamba': {'state': False, 'probability': 0.44, 'source': 'feature_padded'}, 'Çocuk Odası_Perde': {'state': False, 'probability': 0.47, 'source': 'feature_padded'}, 'Mutfak_Lamba': {'state': False, 'probability': 0.35, 'source': 'feature_padded'}, 'Mutfak_Havalandırma': {'state': False, 'probability': 0.4, 'source': 'feature_padded'}, 'Banyo_Lamba': {'state': True, 'probability': 0.51, 'source': 'feature_padded'}, 'Banyo_Havalandırma': {'state': False, 'probability': 0.49, 'source': 'feature_padded'}}
2025-06-04 21:54:24,324 - RulesEngine - INFO - Kural tetiklendi: Boş Oda - Lamba Kapat - Değişiklikler: {'Yatak Odası_Lamba': False, 'Çocuk Odası_Lamba': False, 'Banyo_Lamba': False}
2025-06-04 21:54:24,325 - SmartHomeSimulator - ERROR - Simülasyon adımında hata: 'RulesEngine' object has no attribute '_add_decision'
2025-06-04 21:54:24,325 - SmartHomeSimulator - INFO - Simülasyon tamamlandı: 1 adım
2025-06-04 21:54:24,326 - SmartHomeSimulator - WARNING - Kaydedilecek simülasyon verisi yok
2025-06-04 21:54:24,326 - AkilliEvOtomasyonu - INFO - Uygulama başarıyla tamamlandı
