2025-06-04 21:38:50,145 - AkilliEvOtomasyonu - INFO - Akilli Ev Otomasyon Sistemi baslatiliyor
2025-06-04 21:38:50,146 - AkilliEvOtomasyonu - INFO - Veri simülasyonu başlatılıyor
2025-06-04 21:38:50,146 - VeriUretimi - INFO - 3 gün için veri üretiliyor...
2025-06-04 21:38:50,296 - VeriUretimi - INFO - Veri seti C:\Users\ndr20\Desktop\b.tasarım\smart-home-automation\data\raw\generated_data_20250604_2138.csv konumuna kaydedildi.
2025-06-04 21:38:50,297 - AkilliEvOtomasyonu - INFO - Model eğitimi başlatılıyor
2025-06-04 21:38:50,297 - ModelEgitimi - INFO - ML modelleri eğitiliyor: C:\Users\ndr20\Desktop\b.tasarım\smart-home-automation\data\raw\generated_data_20250604_2138.csv
2025-06-04 21:38:55,218 - ModelEgitimi - INFO - Performans raporu oluşturuldu: C:\Users\ndr20\Desktop\b.tasarım\smart-home-automation\reports\performance_report_20250604_213855.md
2025-06-04 21:38:55,577 - ModelEgitimi - INFO - Model yöneticisi kaydedildi: C:\Users\ndr20\Desktop\b.tasarım\smart-home-automation\models\model_manager_20250604_213855.json
2025-06-04 21:38:55,579 - Simülasyon - INFO - Simülasyon başlatılıyor: demo modu
2025-06-04 21:38:55,579 - RulesEngine - INFO - Kural motoru başlatıldı
2025-06-04 21:38:55,581 - SmartHomeSimulator - INFO - Simülasyon başlatıldı
2025-06-04 21:38:55,581 - SmartHomeSimulator - INFO - ML modeli bulunamadı, eğitiliyor...
2025-06-04 21:38:55,581 - SmartHomeSimulator - INFO - Makine öğrenmesi modeli için 3 günlük veri üretiliyor
2025-06-04 21:39:00,672 - RulesEngine - INFO - ML modeli ayarlandı: True
2025-06-04 21:39:00,672 - SmartHomeSimulator - INFO - ML modeli eğitimi tamamlandı
2025-06-04 21:39:00,672 - SmartHomeSimulator - INFO - Varsayılan kurallar ayarlanıyor
2025-06-04 21:39:00,673 - RulesEngine - INFO - Kural eklendi: Yüksek Sıcaklık - Klima Aç (öncelik: 2)
2025-06-04 21:39:00,673 - RulesEngine - INFO - Kural eklendi: Boş Oda - Lamba Kapat (öncelik: 1)
2025-06-04 21:39:00,673 - RulesEngine - INFO - Kural eklendi: Gece Modu (öncelik: 3)
2025-06-04 21:39:00,673 - RulesEngine - INFO - Kural eklendi: Sabah Rutini (öncelik: 2)
2025-06-04 21:39:00,673 - SmartHomeSimulator - INFO - Simülasyon başlatılıyor: 1 adım, görüntüleme: True
2025-06-04 21:39:01,236 - RulesEngine - INFO - ML tahmini: {'Salon_Klima': {'state': False, 'probability': 0.6}, 'Salon_Lamba': {'state': False, 'probability': 0.7}, 'Salon_Perde': {'state': False, 'probability': 0.89}, 'Yatak Odası_Klima': {'state': False, 'probability': 0.79}, 'Yatak Odası_Lamba': {'state': False, 'probability': 0.6}, 'Yatak Odası_Perde': {'state': False, 'probability': 0.66}, 'Çocuk Odası_Klima': {'state': False, 'probability': 0.56}, 'Çocuk Odası_Lamba': {'state': False, 'probability': 0.63}, 'Çocuk Odası_Perde': {'state': False, 'probability': 0.52}, 'Mutfak_Lamba': {'state': False, 'probability': 0.79}, 'Mutfak_Havalandırma': {'state': False, 'probability': 0.81}, 'Banyo_Lamba': {'state': False, 'probability': 0.57}, 'Banyo_Havalandırma': {'state': False, 'probability': 0.59}}
2025-06-04 21:39:01,236 - RulesEngine - INFO - ML önerisi: Salon_Lamba -> False (0.70)
2025-06-04 21:39:01,237 - RulesEngine - INFO - ML önerisi: Salon_Perde -> False (0.89)
2025-06-04 21:39:01,237 - RulesEngine - INFO - ML önerisi: Yatak Odası_Klima -> False (0.79)
2025-06-04 21:39:01,237 - RulesEngine - INFO - ML önerisi: Mutfak_Lamba -> False (0.79)
2025-06-04 21:39:01,237 - RulesEngine - INFO - ML önerisi: Mutfak_Havalandırma -> False (0.81)
2025-06-04 21:39:01,238 - RulesEngine - INFO - Kural tetiklendi: Boş Oda - Lamba Kapat - Değişiklikler: {'Yatak Odası_Lamba': False}
2025-06-04 21:39:01,238 - RulesEngine - INFO - Cihaz durumları güncellendi: {'Salon_Klima': True, 'Salon_Lamba': False, 'Salon_Perde': False, 'Yatak Odası_Klima': False, 'Yatak Odası_Lamba': False, 'Yatak Odası_Perde': True, 'Çocuk Odası_Klima': True, 'Çocuk Odası_Lamba': False, 'Çocuk Odası_Perde': True, 'Mutfak_Lamba': False, 'Mutfak_Havalandırma': False, 'Banyo_Lamba': False, 'Banyo_Havalandırma': True}
2025-06-04 21:39:01,751 - SmartHomeSimulator - INFO - ML tahminleri: {'Salon_Klima': {'state': False, 'probability': 0.6}, 'Salon_Lamba': {'state': False, 'probability': 0.7}, 'Salon_Perde': {'state': False, 'probability': 0.89}, 'Yatak Odası_Klima': {'state': False, 'probability': 0.79}, 'Yatak Odası_Lamba': {'state': False, 'probability': 0.6}, 'Yatak Odası_Perde': {'state': False, 'probability': 0.66}, 'Çocuk Odası_Klima': {'state': False, 'probability': 0.56}, 'Çocuk Odası_Lamba': {'state': False, 'probability': 0.63}, 'Çocuk Odası_Perde': {'state': False, 'probability': 0.52}, 'Mutfak_Lamba': {'state': False, 'probability': 0.79}, 'Mutfak_Havalandırma': {'state': False, 'probability': 0.81}, 'Banyo_Lamba': {'state': False, 'probability': 0.57}, 'Banyo_Havalandırma': {'state': False, 'probability': 0.59}}
2025-06-04 21:39:02,128 - SimulationVisualizer - ERROR - Görselleştirme hatası: The truth value of an array with more than one element is ambiguous. Use a.any() or a.all()
2025-06-04 21:39:02,379 - SmartHomeSimulator - INFO - Simülasyon tamamlandı: 1 adım
2025-06-04 21:39:02,382 - SmartHomeSimulator - INFO - Simülasyon geçmişi C:\Users\ndr20\Desktop\b.tasarım\smart-home-automation\data\simulation\simulation_history_20250604_213902.csv konumuna kaydedildi
2025-06-04 21:39:02,382 - AkilliEvOtomasyonu - INFO - Uygulama başarıyla tamamlandı
