2025-06-04 22:09:33,878 - AkilliEvOtomasyonu - INFO - Akilli Ev Otomasyon Sistemi baslatiliyor
2025-06-04 22:09:33,880 - Simülasyon - INFO - Simülasyon başlatılıyor: demo modu
2025-06-04 22:09:33,881 - RulesEngine - INFO - Kural motoru başlatıldı
2025-06-04 22:09:33,883 - SmartHomeSimulator - INFO - Simülasyon başlatıldı
2025-06-04 22:09:33,883 - SmartHomeSimulator - INFO - ML modeli bulunamadı, eğitiliyor...
2025-06-04 22:09:33,883 - SmartHomeSimulator - INFO - Makine öğrenmesi modeli için 3 günlük veri üretiliyor
2025-06-04 22:09:39,035 - RulesEngine - INFO - ML modeli ayarlandı: True
2025-06-04 22:09:39,046 - SmartHomeSimulator - INFO - ML modeli eğitimi tamamlandı
2025-06-04 22:09:39,046 - SmartHomeSimulator - INFO - Varsayılan kurallar ayarlanıyor
2025-06-04 22:09:39,047 - RulesEngine - INFO - Kural eklendi: Yüksek Sıcaklık - Klima Aç (öncelik: 2)
2025-06-04 22:09:39,047 - RulesEngine - INFO - Kural eklendi: Boş Oda - Lamba Kapat (öncelik: 1)
2025-06-04 22:09:39,047 - RulesEngine - INFO - Kural eklendi: Gece Modu (öncelik: 3)
2025-06-04 22:09:39,047 - RulesEngine - INFO - Kural eklendi: Sabah Rutini (öncelik: 2)
2025-06-04 22:09:39,047 - SmartHomeSimulator - INFO - Simülasyon başlatılıyor: 1 adım, görüntüleme: True
2025-06-04 22:09:39,204 - SmartHomeSimulator - INFO - Successfully made predictions with feature bypass
2025-06-04 22:09:39,204 - SmartHomeSimulator - INFO - ML predictions: {'Salon_Klima': {'state': False, 'probability': 0.25, 'source': 'feature_padded'}, 'Salon_Lamba': {'state': False, 'probability': 0.31, 'source': 'feature_padded'}, 'Salon_Perde': {'state': False, 'probability': 0.34, 'source': 'feature_padded'}, 'Yatak Odası_Klima': {'state': False, 'probability': 0.33, 'source': 'feature_padded'}, 'Yatak Odası_Lamba': {'state': False, 'probability': 0.38, 'source': 'feature_padded'}, 'Yatak Odası_Perde': {'state': False, 'probability': 0.31, 'source': 'feature_padded'}, 'Çocuk Odası_Klima': {'state': False, 'probability': 0.45, 'source': 'feature_padded'}, 'Çocuk Odası_Lamba': {'state': False, 'probability': 0.24, 'source': 'feature_padded'}, 'Çocuk Odası_Perde': {'state': False, 'probability': 0.33, 'source': 'feature_padded'}, 'Mutfak_Lamba': {'state': False, 'probability': 0.31, 'source': 'feature_padded'}, 'Mutfak_Havalandırma': {'state': False, 'probability': 0.31, 'source': 'feature_padded'}, 'Banyo_Lamba': {'state': False, 'probability': 0.42, 'source': 'feature_padded'}, 'Banyo_Havalandırma': {'state': False, 'probability': 0.17, 'source': 'feature_padded'}}
2025-06-04 22:09:39,205 - RulesEngine - INFO - ML tahmini: {'Salon_Klima': {'state': False, 'probability': 0.25, 'source': 'feature_padded'}, 'Salon_Lamba': {'state': False, 'probability': 0.31, 'source': 'feature_padded'}, 'Salon_Perde': {'state': False, 'probability': 0.34, 'source': 'feature_padded'}, 'Yatak Odası_Klima': {'state': False, 'probability': 0.33, 'source': 'feature_padded'}, 'Yatak Odası_Lamba': {'state': False, 'probability': 0.38, 'source': 'feature_padded'}, 'Yatak Odası_Perde': {'state': False, 'probability': 0.31, 'source': 'feature_padded'}, 'Çocuk Odası_Klima': {'state': False, 'probability': 0.45, 'source': 'feature_padded'}, 'Çocuk Odası_Lamba': {'state': False, 'probability': 0.24, 'source': 'feature_padded'}, 'Çocuk Odası_Perde': {'state': False, 'probability': 0.33, 'source': 'feature_padded'}, 'Mutfak_Lamba': {'state': False, 'probability': 0.31, 'source': 'feature_padded'}, 'Mutfak_Havalandırma': {'state': False, 'probability': 0.31, 'source': 'feature_padded'}, 'Banyo_Lamba': {'state': False, 'probability': 0.42, 'source': 'feature_padded'}, 'Banyo_Havalandırma': {'state': False, 'probability': 0.17, 'source': 'feature_padded'}}
2025-06-04 22:09:39,205 - RulesEngine - INFO - Kural tetiklendi: Gece Modu - Değişiklikler: {'Salon_Perde': False, 'Yatak Odası_Lamba': True, 'Yatak Odası_Perde': False, 'Çocuk Odası_Lamba': False, 'Çocuk Odası_Perde': False, 'Banyo_Lamba': False}
2025-06-04 22:09:39,205 - RulesEngine - INFO - Kural kararı: Gece Modu - Salon_Perde Set to False
2025-06-04 22:09:39,206 - RulesEngine - INFO - Kural kararı: Gece Modu - Yatak Odası_Lamba Set to True
2025-06-04 22:09:39,206 - RulesEngine - INFO - Kural kararı: Gece Modu - Yatak Odası_Perde Set to False
2025-06-04 22:09:39,206 - RulesEngine - INFO - Kural kararı: Gece Modu - Çocuk Odası_Lamba Set to False
2025-06-04 22:09:39,206 - RulesEngine - INFO - Kural kararı: Gece Modu - Çocuk Odası_Perde Set to False
2025-06-04 22:09:39,207 - RulesEngine - INFO - Kural kararı: Gece Modu - Banyo_Lamba Set to False
2025-06-04 22:09:39,207 - RulesEngine - INFO - Kural tetiklendi: Yüksek Sıcaklık - Klima Aç - Değişiklikler: {'Çocuk Odası_Klima': True}
2025-06-04 22:09:39,207 - RulesEngine - INFO - Kural kararı: Yüksek Sıcaklık - Klima Aç - Çocuk Odası_Klima Set to True
2025-06-04 22:09:39,207 - RulesEngine - INFO - Cihaz durumları güncellendi: {'Salon_Klima': False, 'Salon_Lamba': True, 'Salon_Perde': False, 'Yatak Odası_Klima': True, 'Yatak Odası_Lamba': True, 'Yatak Odası_Perde': False, 'Çocuk Odası_Klima': True, 'Çocuk Odası_Lamba': False, 'Çocuk Odası_Perde': False, 'Mutfak_Lamba': False, 'Mutfak_Havalandırma': False, 'Banyo_Lamba': False, 'Banyo_Havalandırma': False}
2025-06-04 22:09:40,525 - SmartHomeSimulator - INFO - Simülasyon tamamlandı: 1 adım
2025-06-04 22:09:40,530 - SmartHomeSimulator - INFO - Simülasyon geçmişi C:\Users\ndr20\Desktop\b.tasarım\smart-home-automation\data\simulation\simulation_history_20250604_220940.csv konumuna kaydedildi
2025-06-04 22:09:40,530 - AkilliEvOtomasyonu - INFO - Uygulama başarıyla tamamlandı
