2025-06-04 21:51:59,726 - AkilliEvOtomasyonu - INFO - Akilli Ev Otomasyon Sistemi baslatiliyor
2025-06-04 21:51:59,728 - AkilliEvOtomasyonu - INFO - Veri simülasyonu başlatılıyor
2025-06-04 21:51:59,728 - VeriUretimi - INFO - 3 gün için veri üretiliyor...
2025-06-04 21:51:59,879 - VeriUretimi - INFO - Veri seti C:\Users\ndr20\Desktop\b.tasarım\smart-home-automation\data\raw\generated_data_20250604_2151.csv konumuna kaydedildi.
2025-06-04 21:51:59,879 - AkilliEvOtomasyonu - INFO - Model eğitimi başlatılıyor
2025-06-04 21:51:59,880 - ModelEgitimi - INFO - ML modelleri eğitiliyor: C:\Users\ndr20\Desktop\b.tasarım\smart-home-automation\data\raw\generated_data_20250604_2151.csv
2025-06-04 21:52:04,843 - ModelEgitimi - INFO - Performans raporu oluşturuldu: C:\Users\ndr20\Desktop\b.tasarım\smart-home-automation\reports\performance_report_20250604_215204.md
2025-06-04 21:52:05,200 - ModelEgitimi - INFO - Model yöneticisi kaydedildi: C:\Users\ndr20\Desktop\b.tasarım\smart-home-automation\models\model_manager_20250604_215204.json
2025-06-04 21:52:05,202 - Simülasyon - INFO - Simülasyon başlatılıyor: demo modu
2025-06-04 21:52:05,203 - RulesEngine - INFO - Kural motoru başlatıldı
2025-06-04 21:52:05,204 - SmartHomeSimulator - INFO - Simülasyon başlatıldı
2025-06-04 21:52:05,204 - SmartHomeSimulator - INFO - ML modeli bulunamadı, eğitiliyor...
2025-06-04 21:52:05,204 - SmartHomeSimulator - INFO - Makine öğrenmesi modeli için 3 günlük veri üretiliyor
2025-06-04 21:52:10,344 - RulesEngine - INFO - ML modeli ayarlandı: True
2025-06-04 21:52:10,344 - SmartHomeSimulator - INFO - ML modeli eğitimi tamamlandı
2025-06-04 21:52:10,345 - SmartHomeSimulator - INFO - Varsayılan kurallar ayarlanıyor
2025-06-04 21:52:10,345 - RulesEngine - INFO - Kural eklendi: Yüksek Sıcaklık - Klima Aç (öncelik: 2)
2025-06-04 21:52:10,345 - RulesEngine - INFO - Kural eklendi: Boş Oda - Lamba Kapat (öncelik: 1)
2025-06-04 21:52:10,345 - RulesEngine - INFO - Kural eklendi: Gece Modu (öncelik: 3)
2025-06-04 21:52:10,345 - RulesEngine - INFO - Kural eklendi: Sabah Rutini (öncelik: 2)
2025-06-04 21:52:10,345 - SmartHomeSimulator - INFO - Simülasyon başlatılıyor: 1 adım, görüntüleme: True
2025-06-04 21:52:10,367 - SmartHomeSimulator - INFO - Successfully made predictions with feature bypass
2025-06-04 21:52:10,368 - SmartHomeSimulator - INFO - ML predictions: {'Salon_Klima': {'state': False, 'probability': 0.0, 'error': 'X has 44 features, but RandomForestClassifier is expecting 124 features as input.', 'source': 'default'}, 'Salon_Lamba': {'state': False, 'probability': 0.0, 'error': 'X has 44 features, but RandomForestClassifier is expecting 124 features as input.', 'source': 'default'}, 'Salon_Perde': {'state': False, 'probability': 0.0, 'error': 'X has 44 features, but RandomForestClassifier is expecting 124 features as input.', 'source': 'default'}, 'Yatak Odası_Klima': {'state': False, 'probability': 0.0, 'error': 'X has 44 features, but RandomForestClassifier is expecting 124 features as input.', 'source': 'default'}, 'Yatak Odası_Lamba': {'state': False, 'probability': 0.0, 'error': 'X has 44 features, but RandomForestClassifier is expecting 124 features as input.', 'source': 'default'}, 'Yatak Odası_Perde': {'state': False, 'probability': 0.0, 'error': 'X has 44 features, but RandomForestClassifier is expecting 124 features as input.', 'source': 'default'}, 'Çocuk Odası_Klima': {'state': False, 'probability': 0.0, 'error': 'X has 44 features, but RandomForestClassifier is expecting 124 features as input.', 'source': 'default'}, 'Çocuk Odası_Lamba': {'state': False, 'probability': 0.0, 'error': 'X has 44 features, but RandomForestClassifier is expecting 124 features as input.', 'source': 'default'}, 'Çocuk Odası_Perde': {'state': False, 'probability': 0.0, 'error': 'X has 44 features, but RandomForestClassifier is expecting 124 features as input.', 'source': 'default'}, 'Mutfak_Lamba': {'state': False, 'probability': 0.0, 'error': 'X has 44 features, but RandomForestClassifier is expecting 124 features as input.', 'source': 'default'}, 'Mutfak_Havalandırma': {'state': False, 'probability': 0.0, 'error': 'X has 44 features, but RandomForestClassifier is expecting 124 features as input.', 'source': 'default'}, 'Banyo_Lamba': {'state': False, 'probability': 0.0, 'error': 'X has 44 features, but RandomForestClassifier is expecting 124 features as input.', 'source': 'default'}, 'Banyo_Havalandırma': {'state': False, 'probability': 0.0, 'error': 'X has 44 features, but RandomForestClassifier is expecting 124 features as input.', 'source': 'default'}}
2025-06-04 21:52:10,368 - RulesEngine - INFO - ML tahmini: {'Salon_Klima': {'state': False, 'probability': 0.0, 'error': 'X has 44 features, but RandomForestClassifier is expecting 124 features as input.', 'source': 'default'}, 'Salon_Lamba': {'state': False, 'probability': 0.0, 'error': 'X has 44 features, but RandomForestClassifier is expecting 124 features as input.', 'source': 'default'}, 'Salon_Perde': {'state': False, 'probability': 0.0, 'error': 'X has 44 features, but RandomForestClassifier is expecting 124 features as input.', 'source': 'default'}, 'Yatak Odası_Klima': {'state': False, 'probability': 0.0, 'error': 'X has 44 features, but RandomForestClassifier is expecting 124 features as input.', 'source': 'default'}, 'Yatak Odası_Lamba': {'state': False, 'probability': 0.0, 'error': 'X has 44 features, but RandomForestClassifier is expecting 124 features as input.', 'source': 'default'}, 'Yatak Odası_Perde': {'state': False, 'probability': 0.0, 'error': 'X has 44 features, but RandomForestClassifier is expecting 124 features as input.', 'source': 'default'}, 'Çocuk Odası_Klima': {'state': False, 'probability': 0.0, 'error': 'X has 44 features, but RandomForestClassifier is expecting 124 features as input.', 'source': 'default'}, 'Çocuk Odası_Lamba': {'state': False, 'probability': 0.0, 'error': 'X has 44 features, but RandomForestClassifier is expecting 124 features as input.', 'source': 'default'}, 'Çocuk Odası_Perde': {'state': False, 'probability': 0.0, 'error': 'X has 44 features, but RandomForestClassifier is expecting 124 features as input.', 'source': 'default'}, 'Mutfak_Lamba': {'state': False, 'probability': 0.0, 'error': 'X has 44 features, but RandomForestClassifier is expecting 124 features as input.', 'source': 'default'}, 'Mutfak_Havalandırma': {'state': False, 'probability': 0.0, 'error': 'X has 44 features, but RandomForestClassifier is expecting 124 features as input.', 'source': 'default'}, 'Banyo_Lamba': {'state': False, 'probability': 0.0, 'error': 'X has 44 features, but RandomForestClassifier is expecting 124 features as input.', 'source': 'default'}, 'Banyo_Havalandırma': {'state': False, 'probability': 0.0, 'error': 'X has 44 features, but RandomForestClassifier is expecting 124 features as input.', 'source': 'default'}}
2025-06-04 21:52:10,368 - SmartHomeSimulator - ERROR - Simülasyon adımında hata: 'RulesEngine' object has no attribute 'ml_confidence_threshold'
2025-06-04 21:52:10,368 - SmartHomeSimulator - INFO - Simülasyon tamamlandı: 1 adım
2025-06-04 21:52:10,368 - SmartHomeSimulator - WARNING - Kaydedilecek simülasyon verisi yok
2025-06-04 21:52:10,368 - AkilliEvOtomasyonu - INFO - Uygulama başarıyla tamamlandı
