2025-06-04 21:56:14,666 - AkilliEvOtomasyonu - INFO - Akilli Ev Otomasyon Sistemi baslatiliyor
2025-06-04 21:56:14,668 - Simülasyon - INFO - Simülasyon başlatılıyor: demo modu
2025-06-04 21:56:14,669 - RulesEngine - INFO - Kural motoru başlatıldı
2025-06-04 21:56:14,680 - SmartHomeSimulator - INFO - Simülasyon başlatıldı
2025-06-04 21:56:14,680 - SmartHomeSimulator - INFO - ML modeli bulunamadı, eğitiliyor...
2025-06-04 21:56:14,680 - SmartHomeSimulator - INFO - Makine öğrenmesi modeli için 3 günlük veri üretiliyor
2025-06-04 21:56:19,813 - RulesEngine - INFO - ML modeli ayarlandı: True
2025-06-04 21:56:19,824 - SmartHomeSimulator - INFO - ML modeli eğitimi tamamlandı
2025-06-04 21:56:19,824 - SmartHomeSimulator - INFO - Varsayılan kurallar ayarlanıyor
2025-06-04 21:56:19,824 - RulesEngine - INFO - Kural eklendi: Yüksek Sıcaklık - Klima Aç (öncelik: 2)
2025-06-04 21:56:19,825 - RulesEngine - INFO - Kural eklendi: Boş Oda - Lamba Kapat (öncelik: 1)
2025-06-04 21:56:19,825 - RulesEngine - INFO - Kural eklendi: Gece Modu (öncelik: 3)
2025-06-04 21:56:19,826 - RulesEngine - INFO - Kural eklendi: Sabah Rutini (öncelik: 2)
2025-06-04 21:56:19,826 - SmartHomeSimulator - INFO - Simülasyon başlatılıyor: 1 adım, görüntüleme: True
2025-06-04 21:56:19,933 - SmartHomeSimulator - INFO - Successfully made predictions with feature bypass
2025-06-04 21:56:19,933 - SmartHomeSimulator - INFO - ML predictions: {'Salon_Klima': {'state': False, 'probability': 0.39, 'source': 'feature_padded'}, 'Salon_Lamba': {'state': False, 'probability': 0.38, 'source': 'feature_padded'}, 'Salon_Perde': {'state': False, 'probability': 0.33, 'source': 'feature_padded'}, 'Yatak Odası_Klima': {'state': False, 'probability': 0.43, 'source': 'feature_padded'}, 'Yatak Odası_Lamba': {'state': False, 'probability': 0.4, 'source': 'feature_padded'}, 'Yatak Odası_Perde': {'state': False, 'probability': 0.49, 'source': 'feature_padded'}, 'Çocuk Odası_Klima': {'state': False, 'probability': 0.3, 'source': 'feature_padded'}, 'Çocuk Odası_Lamba': {'state': False, 'probability': 0.42, 'source': 'feature_padded'}, 'Çocuk Odası_Perde': {'state': False, 'probability': 0.39, 'source': 'feature_padded'}, 'Mutfak_Lamba': {'state': False, 'probability': 0.35, 'source': 'feature_padded'}, 'Mutfak_Havalandırma': {'state': False, 'probability': 0.44, 'source': 'feature_padded'}, 'Banyo_Lamba': {'state': True, 'probability': 0.51, 'source': 'feature_padded'}, 'Banyo_Havalandırma': {'state': False, 'probability': 0.32, 'source': 'feature_padded'}}
2025-06-04 21:56:19,933 - RulesEngine - INFO - ML tahmini: {'Salon_Klima': {'state': False, 'probability': 0.39, 'source': 'feature_padded'}, 'Salon_Lamba': {'state': False, 'probability': 0.38, 'source': 'feature_padded'}, 'Salon_Perde': {'state': False, 'probability': 0.33, 'source': 'feature_padded'}, 'Yatak Odası_Klima': {'state': False, 'probability': 0.43, 'source': 'feature_padded'}, 'Yatak Odası_Lamba': {'state': False, 'probability': 0.4, 'source': 'feature_padded'}, 'Yatak Odası_Perde': {'state': False, 'probability': 0.49, 'source': 'feature_padded'}, 'Çocuk Odası_Klima': {'state': False, 'probability': 0.3, 'source': 'feature_padded'}, 'Çocuk Odası_Lamba': {'state': False, 'probability': 0.42, 'source': 'feature_padded'}, 'Çocuk Odası_Perde': {'state': False, 'probability': 0.39, 'source': 'feature_padded'}, 'Mutfak_Lamba': {'state': False, 'probability': 0.35, 'source': 'feature_padded'}, 'Mutfak_Havalandırma': {'state': False, 'probability': 0.44, 'source': 'feature_padded'}, 'Banyo_Lamba': {'state': True, 'probability': 0.51, 'source': 'feature_padded'}, 'Banyo_Havalandırma': {'state': False, 'probability': 0.32, 'source': 'feature_padded'}}
2025-06-04 21:56:19,934 - RulesEngine - INFO - Kural tetiklendi: Gece Modu - Değişiklikler: {'Salon_Perde': False, 'Yatak Odası_Lamba': False, 'Yatak Odası_Perde': False, 'Çocuk Odası_Lamba': False, 'Çocuk Odası_Perde': False, 'Banyo_Lamba': False}
2025-06-04 21:56:19,934 - RulesEngine - INFO - Kural kararı: Gece Modu - Salon_Perde Set to False
2025-06-04 21:56:19,935 - RulesEngine - INFO - Kural kararı: Gece Modu - Yatak Odası_Lamba Set to False
2025-06-04 21:56:19,935 - RulesEngine - INFO - Kural kararı: Gece Modu - Yatak Odası_Perde Set to False
2025-06-04 21:56:19,935 - RulesEngine - INFO - Kural kararı: Gece Modu - Çocuk Odası_Lamba Set to False
2025-06-04 21:56:19,936 - RulesEngine - INFO - Kural kararı: Gece Modu - Çocuk Odası_Perde Set to False
2025-06-04 21:56:19,936 - RulesEngine - INFO - Kural kararı: Gece Modu - Banyo_Lamba Set to False
2025-06-04 21:56:19,936 - RulesEngine - INFO - Kural tetiklendi: Yüksek Sıcaklık - Klima Aç - Değişiklikler: {'Çocuk Odası_Klima': True}
2025-06-04 21:56:19,936 - RulesEngine - INFO - Kural kararı: Yüksek Sıcaklık - Klima Aç - Çocuk Odası_Klima Set to True
2025-06-04 21:56:19,937 - RulesEngine - INFO - Cihaz durumları güncellendi: {'Salon_Klima': True, 'Salon_Lamba': True, 'Salon_Perde': False, 'Yatak Odası_Klima': True, 'Yatak Odası_Lamba': False, 'Yatak Odası_Perde': False, 'Çocuk Odası_Klima': True, 'Çocuk Odası_Lamba': False, 'Çocuk Odası_Perde': False, 'Mutfak_Lamba': True, 'Mutfak_Havalandırma': True, 'Banyo_Lamba': False, 'Banyo_Havalandırma': True}
2025-06-04 21:56:20,258 - SimulationVisualizer - ERROR - Görselleştirme hatası: The truth value of an array with more than one element is ambiguous. Use a.any() or a.all()
2025-06-04 21:56:20,510 - SmartHomeSimulator - INFO - Simülasyon tamamlandı: 1 adım
2025-06-04 21:56:20,514 - SmartHomeSimulator - INFO - Simülasyon geçmişi C:\Users\ndr20\Desktop\b.tasarım\smart-home-automation\data\simulation\simulation_history_20250604_215620.csv konumuna kaydedildi
2025-06-04 21:56:20,514 - AkilliEvOtomasyonu - INFO - Uygulama başarıyla tamamlandı
