2025-05-27 20:34:57,480 - AkilliEvOtomasyonu - INFO - Akilli Ev Otomasyon Sistemi baslatiliyor
2025-05-27 20:34:57,482 - AkilliEvOtomasyonu - INFO - Model eğitimi başlatılıyor
2025-05-27 20:34:57,483 - ModelEgitimi - INFO - Eğitim için veri üretiliyor...
2025-05-27 20:34:57,483 - VeriUretimi - INFO - 3 gün için veri üretiliyor...
2025-05-27 20:34:57,719 - VeriUretimi - INFO - Veri seti C:\Users\ndr20\Desktop\b.tasarım\smart-home-automation\data\raw\generated_data_20250527_2034.csv konumuna kaydedildi.
2025-05-27 20:34:57,720 - ModelEgitimi - INFO - ML modelleri eğitiliyor: C:\Users\ndr20\Desktop\b.tasarım\smart-home-automation\data\raw\generated_data_20250527_2034.csv
2025-05-27 20:34:58,342 - ErrorHandler - ERROR - Beklenmeyen hata: 'DeviceControlModel' object has no attribute 'create_pipeline' in train_models
2025-05-27 20:34:58,347 - ErrorHandler - ERROR - Traceback (most recent call last):
  File "C:\Users\ndr20\Desktop\b.tasarım\smart-home-automation\src\utils\error_handling.py", line 65, in wrapper
    return func(*args, **kwargs)
  File "C:\Users\ndr20\Desktop\b.tasarım\smart-home-automation\app.py", line 115, in train_models
    model_manager.train_models_for_all_devices(data_path, model_type='random_forest', optimize=optimize)
    ~~~~~~~~~~~~~~~~~~~~~~~~~~~~~~~~~~~~~~~~~~^^^^^^^^^^^^^^^^^^^^^^^^^^^^^^^^^^^^^^^^^^^^^^^^^^^^^^^^^^
  File "C:\Users\ndr20\Desktop\b.tasarım\smart-home-automation\src\models\model_manager.py", line 55, in train_models_for_all_devices
    model.train(X_train, y_train_dict[device_name], optimize=optimize)
    ~~~~~~~~~~~^^^^^^^^^^^^^^^^^^^^^^^^^^^^^^^^^^^^^^^^^^^^^^^^^^^^^^^
  File "C:\Users\ndr20\Desktop\b.tasarım\smart-home-automation\src\models\model_trainer.py", line 189, in train
    pipeline = self.create_pipeline(X_train)
               ^^^^^^^^^^^^^^^^^^^^
AttributeError: 'DeviceControlModel' object has no attribute 'create_pipeline'

2025-05-27 20:34:58,348 - AkilliEvOtomasyonu - ERROR - Uygulama hatası: Beklenmeyen hata: 'DeviceControlModel' object has no attribute 'create_pipeline'
